<?xml version="1.0" encoding="UTF-8"?>
<!-- Generated by org.testng.reporters.JUnitXMLReporter -->
<testsuite ignored="0" hostname="IBM-1R1R8F4" failures="0" tests="60" name="Surefire test" time="282.727" errors="0" timestamp="2026-02-23T10:46:17 IST">
  <testcase classname="com.ecommerce.tests.LoginSuiteTest" name="testCaseSensitivity" time="0.527"/>
  <testcase classname="com.ecommerce.tests.LoginSuiteTest" name="testEmptyEmail" time="0.224"/>
  <testcase classname="com.ecommerce.tests.LoginSuiteTest" name="testEmptyFields" time="0.113"/>
  <testcase classname="com.ecommerce.tests.LoginSuiteTest" name="testEmptyPassword" time="0.244"/>
  <testcase classname="com.ecommerce.tests.LoginSuiteTest" name="testInvalidEmailFormat" time="0.411"/>
  <testcase classname="com.ecommerce.tests.LoginSuiteTest" name="testInvalidPassword" time="0.47"/>
  <testcase classname="com.ecommerce.tests.LoginSuiteTest" name="testMultipleAttempts" time="1.601"/>
  <testcase classname="com.ecommerce.tests.LoginSuiteTest" name="testPasswordMasked" time="0.055"/>
  <testcase classname="com.ecommerce.tests.LoginSuiteTest" name="testSessionPersistence" time="0.661"/>
  <testcase classname="com.ecommerce.tests.LoginSuiteTest" name="testSqlInjection" time="0.319"/>
  <testcase classname="com.ecommerce.tests.LoginSuiteTest" name="testUnregisteredEmail" time="0.423"/>
  <testcase classname="com.ecommerce.tests.LoginSuiteTest" name="testValidLogin" time="0.544"/>
  <testcase classname="com.ecommerce.tests.LoginTest" name="openWebsite" time="5.694"/>
  <testcase classname="com.ecommerce.tests.LoginTest" name="testInvalidLogin" time="4.624"/>
  <testcase classname="com.ecommerce.tests.LoginTest" name="testValidLogin" time="4.88"/>
  <testcase classname="com.ecommerce.tests.LoginTest" name="testValidLogin1" time="8.263"/>
  <testcase classname="com.ecommerce.tests.OrderHistoryTest" name="testCompletedStatus" time="0.029"/>
  <testcase classname="com.ecommerce.tests.OrderHistoryTest" name="testEachOrderHasPrice" time="0.016"/>
  <testcase classname="com.ecommerce.tests.OrderHistoryTest" name="testEachOrderHasProduct" time="0.024"/>
  <testcase classname="com.ecommerce.tests.OrderHistoryTest" name="testEachOrderHasStatus" time="0.021"/>
  <testcase classname="com.ecommerce.tests.OrderHistoryTest" name="testMultipleOrders" time="0.019"/>
  <testcase classname="com.ecommerce.tests.OrderHistoryTest" name="testNoEmptyFields" time="0.029"/>
  <testcase classname="com.ecommerce.tests.OrderHistoryTest" name="testOrderCountConsistency" time="0.108"/>
  <testcase classname="com.ecommerce.tests.OrderHistoryTest" name="testOrderStatusDisplayed" time="0.035"/>
  <testcase classname="com.ecommerce.tests.OrderHistoryTest" name="testOrdersDisplayed" time="0.017"/>
  <testcase classname="com.ecommerce.tests.OrderHistoryTest" name="testPageStable" time="0.014"/>
  <testcase classname="com.ecommerce.tests.OrderHistoryTest" name="testPendingStatus" time="0.021"/>
  <testcase classname="com.ecommerce.tests.OrderHistoryTest" name="testPriceFormat" time="0.028"/>
  <testcase classname="com.ecommerce.tests.OrderHistoryTest" name="testProductNamesDisplayed" time="0.021"/>
  <testcase classname="com.ecommerce.tests.OrderHistoryTest" name="testScrollOrders" time="0.018"/>
  <testcase classname="com.ecommerce.tests.OrderHistoryTest" name="testTotalPriceDisplayed" time="0.023"/>
  <testcase classname="com.ecommerce.tests.ProductSearchSuiteTest" name="testCaseInsensitiveSearch" time="0.328"/>
  <testcase classname="com.ecommerce.tests.ProductSearchSuiteTest" name="testFilterByCategory" time="0.232"/>
  <testcase classname="com.ecommerce.tests.ProductSearchSuiteTest" name="testFilterByPriceRange" time="2.448"/>
  <testcase classname="com.ecommerce.tests.ProductSearchSuiteTest" name="testMaxPriceFilter" time="0.282"/>
  <testcase classname="com.ecommerce.tests.ProductSearchSuiteTest" name="testMinPriceFilter" time="0.297"/>
  <testcase classname="com.ecommerce.tests.ProductSearchSuiteTest" name="testNoResultsFound" time="2.331"/>
  <testcase classname="com.ecommerce.tests.ProductSearchSuiteTest" name="testSearchByKeyword" time="0.304"/>
  <testcase classname="com.ecommerce.tests.ProductSearchSuiteTest" name="testSearchNoResults" time="0.301"/>
  <testcase classname="com.ecommerce.tests.PurchaseFlowSuiteTest" name="testCheckoutProtectedRoute" time="0.145"/>
  <testcase classname="com.ecommerce.tests.PurchaseFlowSuiteTest" name="testCheckoutRequiresLogin" time="0.32"/>
  <testcase classname="com.ecommerce.tests.PurchaseFlowSuiteTest" name="testHomePageLoads" time="0.062"/>
  <testcase classname="com.ecommerce.tests.PurchaseFlowSuiteTest" name="testLoginFieldsVisible" time="0.212"/>
  <testcase classname="com.ecommerce.tests.PurchaseFlowSuiteTest" name="testLoginLinkVisible" time="0.102"/>
  <testcase classname="com.ecommerce.tests.PurchaseFlowSuiteTest" name="testLoginPageLoads" time="0.152"/>
  <testcase classname="com.ecommerce.tests.PurchaseFlowSuiteTest" name="testNavbarVisible" time="0.101"/>
  <testcase classname="com.ecommerce.tests.PurchaseFlowSuiteTest" name="testNavigateToLoginPage" time="0.179"/>
  <testcase classname="com.ecommerce.tests.PurchaseFlowSuiteTest" name="testNoBrokenHomeRoute" time="0.105"/>
  <testcase classname="com.ecommerce.tests.PurchaseFlowSuiteTest" name="testPageTitleNotEmpty" time="0.056"/>
  <testcase classname="com.ecommerce.tests.PurchaseFlowSuiteTest" name="testProductsPageAccessibleAfterLogin" time="0.7"/>
  <testcase classname="com.ecommerce.tests.PurchaseFlowSuiteTest" name="testProductsSectionVisibleAfterLogin" time="0.589"/>
  <testcase classname="com.ecommerce.tests.PurchaseFlowSuiteTest" name="testSearchFieldPresent" time="0.104"/>
  <testcase classname="com.ecommerce.tests.PurchaseFlowSuiteTest" name="testSearchProduct" time="0.347"/>
  <testcase classname="com.ecommerce.tests.ShoppingCartTest" name="testAddMultipleItems" time="0.318"/>
  <testcase classname="com.ecommerce.tests.ShoppingCartTest" name="testAddSameItemTwice" time="0.22"/>
  <testcase classname="com.ecommerce.tests.ShoppingCartTest" name="testAddSingleItem" time="0.16"/>
  <testcase classname="com.ecommerce.tests.ShoppingCartTest" name="testCartSyncBackend" time="0.144"/>
  <testcase classname="com.ecommerce.tests.ShoppingCartTest" name="testEmptyCart" time="0.051"/>
  <testcase classname="com.ecommerce.tests.ShoppingCartTest" name="testInvalidQuantity" time="0.492"/>
  <testcase classname="com.ecommerce.tests.ShoppingCartTest" name="testUpdateQuantity" time="0.489"/>
</testsuite> <!-- Surefire test -->
