<?xml version="1.0" encoding="UTF-8"?>
<!-- Generated by org.testng.reporters.JUnitXMLReporter -->
<testsuite ignored="0" hostname="IBM-1R1R8F4" failures="0" tests="60" name="Surefire test" time="270.881" errors="0" timestamp="2026-02-23T19:09:13 IST">
  <testcase classname="com.ecommerce.tests.LoginSuiteTest" name="testCaseSensitivity" time="0.471"/>
  <testcase classname="com.ecommerce.tests.LoginSuiteTest" name="testEmptyEmail" time="0.265"/>
  <testcase classname="com.ecommerce.tests.LoginSuiteTest" name="testEmptyFields" time="0.132"/>
  <testcase classname="com.ecommerce.tests.LoginSuiteTest" name="testEmptyPassword" time="0.243"/>
  <testcase classname="com.ecommerce.tests.LoginSuiteTest" name="testInvalidEmailFormat" time="0.398"/>
  <testcase classname="com.ecommerce.tests.LoginSuiteTest" name="testInvalidPassword" time="0.377"/>
  <testcase classname="com.ecommerce.tests.LoginSuiteTest" name="testMultipleAttempts" time="1.58"/>
  <testcase classname="com.ecommerce.tests.LoginSuiteTest" name="testPasswordMasked" time="0.064"/>
  <testcase classname="com.ecommerce.tests.LoginSuiteTest" name="testSessionPersistence" time="0.585"/>
  <testcase classname="com.ecommerce.tests.LoginSuiteTest" name="testSqlInjection" time="0.303"/>
  <testcase classname="com.ecommerce.tests.LoginSuiteTest" name="testUnregisteredEmail" time="0.408"/>
  <testcase classname="com.ecommerce.tests.LoginSuiteTest" name="testValidLogin" time="0.55"/>
  <testcase classname="com.ecommerce.tests.LoginTest" name="openWebsite" time="5.117"/>
  <testcase classname="com.ecommerce.tests.LoginTest" name="testInvalidLogin" time="4.591"/>
  <testcase classname="com.ecommerce.tests.LoginTest" name="testValidLogin" time="4.206"/>
  <testcase classname="com.ecommerce.tests.LoginTest" name="testValidLogin1" time="8.288"/>
  <testcase classname="com.ecommerce.tests.OrderHistoryTest" name="testCompletedStatus" time="0.025"/>
  <testcase classname="com.ecommerce.tests.OrderHistoryTest" name="testEachOrderHasPrice" time="0.027"/>
  <testcase classname="com.ecommerce.tests.OrderHistoryTest" name="testEachOrderHasProduct" time="0.048"/>
  <testcase classname="com.ecommerce.tests.OrderHistoryTest" name="testEachOrderHasStatus" time="0.02"/>
  <testcase classname="com.ecommerce.tests.OrderHistoryTest" name="testMultipleOrders" time="0.022"/>
  <testcase classname="com.ecommerce.tests.OrderHistoryTest" name="testNoEmptyFields" time="0.019"/>
  <testcase classname="com.ecommerce.tests.OrderHistoryTest" name="testOrderCountConsistency" time="0.082"/>
  <testcase classname="com.ecommerce.tests.OrderHistoryTest" name="testOrderStatusDisplayed" time="0.02"/>
  <testcase classname="com.ecommerce.tests.OrderHistoryTest" name="testOrdersDisplayed" time="0.022"/>
  <testcase classname="com.ecommerce.tests.OrderHistoryTest" name="testPageStable" time="0.014"/>
  <testcase classname="com.ecommerce.tests.OrderHistoryTest" name="testPendingStatus" time="0.027"/>
  <testcase classname="com.ecommerce.tests.OrderHistoryTest" name="testPriceFormat" time="0.021"/>
  <testcase classname="com.ecommerce.tests.OrderHistoryTest" name="testProductNamesDisplayed" time="0.026"/>
  <testcase classname="com.ecommerce.tests.OrderHistoryTest" name="testScrollOrders" time="0.014"/>
  <testcase classname="com.ecommerce.tests.OrderHistoryTest" name="testTotalPriceDisplayed" time="0.032"/>
  <testcase classname="com.ecommerce.tests.ProductSearchSuiteTest" name="testCaseInsensitiveSearch" time="0.456"/>
  <testcase classname="com.ecommerce.tests.ProductSearchSuiteTest" name="testFilterByCategory" time="0.185"/>
  <testcase classname="com.ecommerce.tests.ProductSearchSuiteTest" name="testFilterByPriceRange" time="2.459"/>
  <testcase classname="com.ecommerce.tests.ProductSearchSuiteTest" name="testMaxPriceFilter" time="0.335"/>
  <testcase classname="com.ecommerce.tests.ProductSearchSuiteTest" name="testMinPriceFilter" time="0.282"/>
  <testcase classname="com.ecommerce.tests.ProductSearchSuiteTest" name="testNoResultsFound" time="2.331"/>
  <testcase classname="com.ecommerce.tests.ProductSearchSuiteTest" name="testSearchByKeyword" time="0.249"/>
  <testcase classname="com.ecommerce.tests.ProductSearchSuiteTest" name="testSearchNoResults" time="0.307"/>
  <testcase classname="com.ecommerce.tests.PurchaseFlowSuiteTest" name="testCheckoutProtectedRoute" time="0.162"/>
  <testcase classname="com.ecommerce.tests.PurchaseFlowSuiteTest" name="testCheckoutRequiresLogin" time="0.369"/>
  <testcase classname="com.ecommerce.tests.PurchaseFlowSuiteTest" name="testHomePageLoads" time="0.053"/>
  <testcase classname="com.ecommerce.tests.PurchaseFlowSuiteTest" name="testLoginFieldsVisible" time="0.214"/>
  <testcase classname="com.ecommerce.tests.PurchaseFlowSuiteTest" name="testLoginLinkVisible" time="0.09"/>
  <testcase classname="com.ecommerce.tests.PurchaseFlowSuiteTest" name="testLoginPageLoads" time="0.153"/>
  <testcase classname="com.ecommerce.tests.PurchaseFlowSuiteTest" name="testNavbarVisible" time="0.086"/>
  <testcase classname="com.ecommerce.tests.PurchaseFlowSuiteTest" name="testNavigateToLoginPage" time="0.161"/>
  <testcase classname="com.ecommerce.tests.PurchaseFlowSuiteTest" name="testNoBrokenHomeRoute" time="0.103"/>
  <testcase classname="com.ecommerce.tests.PurchaseFlowSuiteTest" name="testPageTitleNotEmpty" time="0.041"/>
  <testcase classname="com.ecommerce.tests.PurchaseFlowSuiteTest" name="testProductsPageAccessibleAfterLogin" time="0.72"/>
  <testcase classname="com.ecommerce.tests.PurchaseFlowSuiteTest" name="testProductsSectionVisibleAfterLogin" time="0.618"/>
  <testcase classname="com.ecommerce.tests.PurchaseFlowSuiteTest" name="testSearchFieldPresent" time="0.072"/>
  <testcase classname="com.ecommerce.tests.PurchaseFlowSuiteTest" name="testSearchProduct" time="0.379"/>
  <testcase classname="com.ecommerce.tests.ShoppingCartTest" name="testAddMultipleItems" time="0.276"/>
  <testcase classname="com.ecommerce.tests.ShoppingCartTest" name="testAddSameItemTwice" time="0.214"/>
  <testcase classname="com.ecommerce.tests.ShoppingCartTest" name="testAddSingleItem" time="0.191"/>
  <testcase classname="com.ecommerce.tests.ShoppingCartTest" name="testCartSyncBackend" time="0.101"/>
  <testcase classname="com.ecommerce.tests.ShoppingCartTest" name="testEmptyCart" time="0.029"/>
  <testcase classname="com.ecommerce.tests.ShoppingCartTest" name="testInvalidQuantity" time="0.436"/>
  <testcase classname="com.ecommerce.tests.ShoppingCartTest" name="testUpdateQuantity" time="0.492"/>
</testsuite> <!-- Surefire test -->
