<?xml version="1.0" encoding="UTF-8"?>
<testsuite xmlns:xsi="http://www.w3.org/2001/XMLSchema-instance" xsi:noNamespaceSchemaLocation="https://maven.apache.org/surefire/maven-surefire-plugin/xsd/surefire-test-report.xsd" name="TestSuite" time="289.236" tests="60" errors="0" skipped="0" failures="0">
  <properties>
[...]
</properties>
  <testcase name="testCaseSensitivity" classname="com.ecommerce.tests.LoginSuiteTest" time="0.592"/>
  <testcase name="testEmptyEmail" classname="com.ecommerce.tests.LoginSuiteTest" time="0.266"/>
  <testcase name="testEmptyFields" classname="com.ecommerce.tests.LoginSuiteTest" time="0.147"/>
  <testcase name="testEmptyPassword" classname="com.ecommerce.tests.LoginSuiteTest" time="0.253"/>
  <testcase name="testInvalidEmailFormat" classname="com.ecommerce.tests.LoginSuiteTest" time="0.436"/>
  <testcase name="testInvalidPassword" classname="com.ecommerce.tests.LoginSuiteTest" time="0.38"/>
  <testcase name="testMultipleAttempts" classname="com.ecommerce.tests.LoginSuiteTest" time="1.567"/>
  <testcase name="testPasswordMasked" classname="com.ecommerce.tests.LoginSuiteTest" time="0.04"/>
  <testcase name="testSessionPersistence" classname="com.ecommerce.tests.LoginSuiteTest" time="0.604"/>
  <testcase name="testSqlInjection" classname="com.ecommerce.tests.LoginSuiteTest" time="0.344"/>
  <testcase name="testUnregisteredEmail" classname="com.ecommerce.tests.LoginSuiteTest" time="0.405"/>
  <testcase name="testValidLogin" classname="com.ecommerce.tests.LoginSuiteTest" time="1.079"/>
  <testcase name="openWebsite" classname="com.ecommerce.tests.LoginTest" time="5.674"/>
  <testcase name="testInvalidLogin" classname="com.ecommerce.tests.LoginTest" time="5.185"/>
  <testcase name="testValidLogin" classname="com.ecommerce.tests.LoginTest" time="5.566"/>
  <testcase name="testValidLogin1" classname="com.ecommerce.tests.LoginTest" time="9.295"/>
  <testcase name="testCompletedStatus" classname="com.ecommerce.tests.OrderHistoryTest" time="0.027"/>
  <testcase name="testEachOrderHasPrice" classname="com.ecommerce.tests.OrderHistoryTest" time="0.027"/>
  <testcase name="testEachOrderHasProduct" classname="com.ecommerce.tests.OrderHistoryTest" time="0.025"/>
  <testcase name="testEachOrderHasStatus" classname="com.ecommerce.tests.OrderHistoryTest" time="0.024"/>
  <testcase name="testMultipleOrders" classname="com.ecommerce.tests.OrderHistoryTest" time="0.023"/>
  <testcase name="testNoEmptyFields" classname="com.ecommerce.tests.OrderHistoryTest" time="0.025"/>
  <testcase name="testOrderCountConsistency" classname="com.ecommerce.tests.OrderHistoryTest" time="0.078"/>
  <testcase name="testOrderStatusDisplayed" classname="com.ecommerce.tests.OrderHistoryTest" time="0.029"/>
  <testcase name="testOrdersDisplayed" classname="com.ecommerce.tests.OrderHistoryTest" time="0.026"/>
  <testcase name="testPageStable" classname="com.ecommerce.tests.OrderHistoryTest" time="0.018"/>
  <testcase name="testPendingStatus" classname="com.ecommerce.tests.OrderHistoryTest" time="0.025"/>
  <testcase name="testPriceFormat" classname="com.ecommerce.tests.OrderHistoryTest" time="0.028"/>
  <testcase name="testProductNamesDisplayed" classname="com.ecommerce.tests.OrderHistoryTest" time="0.026"/>
  <testcase name="testScrollOrders" classname="com.ecommerce.tests.OrderHistoryTest" time="0.015"/>
  <testcase name="testTotalPriceDisplayed" classname="com.ecommerce.tests.OrderHistoryTest" time="0.026"/>
  <testcase name="testCaseInsensitiveSearch" classname="com.ecommerce.tests.ProductSearchSuiteTest" time="0.874"/>
  <testcase name="testFilterByCategory" classname="com.ecommerce.tests.ProductSearchSuiteTest" time="0.194"/>
  <testcase name="testFilterByPriceRange" classname="com.ecommerce.tests.ProductSearchSuiteTest" time="2.48"/>
  <testcase name="testMaxPriceFilter" classname="com.ecommerce.tests.ProductSearchSuiteTest" time="0.313"/>
  <testcase name="testMinPriceFilter" classname="com.ecommerce.tests.ProductSearchSuiteTest" time="0.313"/>
  <testcase name="testNoResultsFound" classname="com.ecommerce.tests.ProductSearchSuiteTest" time="2.382"/>
  <testcase name="testSearchByKeyword" classname="com.ecommerce.tests.ProductSearchSuiteTest" time="0.317"/>
  <testcase name="testSearchNoResults" classname="com.ecommerce.tests.ProductSearchSuiteTest" time="0.315"/>
  <testcase name="testCheckoutProtectedRoute" classname="com.ecommerce.tests.PurchaseFlowSuiteTest" time="0.162"/>
  <testcase name="testCheckoutRequiresLogin" classname="com.ecommerce.tests.PurchaseFlowSuiteTest" time="0.141"/>
  <testcase name="testHomePageLoads" classname="com.ecommerce.tests.PurchaseFlowSuiteTest" time="0.029"/>
  <testcase name="testLoginFieldsVisible" classname="com.ecommerce.tests.PurchaseFlowSuiteTest" time="0.276"/>
  <testcase name="testLoginLinkVisible" classname="com.ecommerce.tests.PurchaseFlowSuiteTest" time="0.076"/>
  <testcase name="testLoginPageLoads" classname="com.ecommerce.tests.PurchaseFlowSuiteTest" time="0.144"/>
  <testcase name="testNavbarVisible" classname="com.ecommerce.tests.PurchaseFlowSuiteTest" time="0.077"/>
  <testcase name="testNavigateToLoginPage" classname="com.ecommerce.tests.PurchaseFlowSuiteTest" time="0.196"/>
  <testcase name="testNoBrokenHomeRoute" classname="com.ecommerce.tests.PurchaseFlowSuiteTest" time="0.341"/>
  <testcase name="testPageTitleNotEmpty" classname="com.ecommerce.tests.PurchaseFlowSuiteTest" time="0.291"/>
  <testcase name="testProductsPageAccessibleAfterLogin" classname="com.ecommerce.tests.PurchaseFlowSuiteTest" time="0.686"/>
  <testcase name="testProductsSectionVisibleAfterLogin" classname="com.ecommerce.tests.PurchaseFlowSuiteTest" time="0.631"/>
  <testcase name="testSearchFieldPresent" classname="com.ecommerce.tests.PurchaseFlowSuiteTest" time="0.078"/>
  <testcase name="testSearchProduct" classname="com.ecommerce.tests.PurchaseFlowSuiteTest" time="0.328"/>
  <testcase name="testAddMultipleItems" classname="com.ecommerce.tests.ShoppingCartTest" time="0.287"/>
  <testcase name="testAddSameItemTwice" classname="com.ecommerce.tests.ShoppingCartTest" time="0.221"/>
  <testcase name="testAddSingleItem" classname="com.ecommerce.tests.ShoppingCartTest" time="0.164"/>
  <testcase name="testCartSyncBackend" classname="com.ecommerce.tests.ShoppingCartTest" time="0.099"/>
  <testcase name="testEmptyCart" classname="com.ecommerce.tests.ShoppingCartTest" time="0.026"/>
  <testcase name="testInvalidQuantity" classname="com.ecommerce.tests.ShoppingCartTest" time="0.48"/>
  <testcase name="testUpdateQuantity" classname="com.ecommerce.tests.ShoppingCartTest" time="0.467"/>
</testsuite>