<?xml version="1.0" encoding="UTF-8"?>
<testng-results ignored="0" total="60" passed="60" failed="0" skipped="0">
  <reporter-output>
  </reporter-output>
  <suite started-at="2026-02-23T16:40:29 IST" name="Surefire suite" finished-at="2026-02-23T16:45:18 IST" duration-ms="288734">
    <groups>
    </groups>
    <test started-at="2026-02-23T16:40:29 IST" name="Surefire test" finished-at="2026-02-23T16:45:18 IST" duration-ms="288734">
      <class name="com.ecommerce.tests.ProductSearchSuiteTest">
        <test-method is-config="true" signature="setup()[pri:0, instance:com.ecommerce.tests.ProductSearchSuiteTest@79da8dc5]" started-at="2026-02-23T16:43:16 IST" name="setup" finished-at="2026-02-23T16:43:19 IST" duration-ms="3364" status="PASS">
          <reporter-output>
          </reporter-output>
        </test-method> <!-- setup -->
        <test-method signature="testCaseInsensitiveSearch()[pri:0, instance:com.ecommerce.tests.ProductSearchSuiteTest@79da8dc5]" started-at="2026-02-23T16:43:19 IST" name="testCaseInsensitiveSearch" finished-at="2026-02-23T16:43:20 IST" duration-ms="869" status="PASS">
          <reporter-output>
          </reporter-output>
        </test-method> <!-- testCaseInsensitiveSearch -->
        <test-method is-config="true" signature="teardown()[pri:0, instance:com.ecommerce.tests.ProductSearchSuiteTest@79da8dc5]" started-at="2026-02-23T16:43:20 IST" name="teardown" finished-at="2026-02-23T16:43:20 IST" duration-ms="173" status="PASS">
          <reporter-output>
          </reporter-output>
        </test-method> <!-- teardown -->
        <test-method is-config="true" signature="setup()[pri:0, instance:com.ecommerce.tests.ProductSearchSuiteTest@79da8dc5]" started-at="2026-02-23T16:43:21 IST" name="setup" finished-at="2026-02-23T16:43:24 IST" duration-ms="3421" status="PASS">
          <reporter-output>
          </reporter-output>
        </test-method> <!-- setup -->
        <test-method signature="testFilterByCategory()[pri:0, instance:com.ecommerce.tests.ProductSearchSuiteTest@79da8dc5]" started-at="2026-02-23T16:43:24 IST" name="testFilterByCategory" finished-at="2026-02-23T16:43:24 IST" duration-ms="191" status="PASS">
          <reporter-output>
          </reporter-output>
        </test-method> <!-- testFilterByCategory -->
        <test-method is-config="true" signature="teardown()[pri:0, instance:com.ecommerce.tests.ProductSearchSuiteTest@79da8dc5]" started-at="2026-02-23T16:43:24 IST" name="teardown" finished-at="2026-02-23T16:43:24 IST" duration-ms="141" status="PASS">
          <reporter-output>
          </reporter-output>
        </test-method> <!-- teardown -->
        <test-method is-config="true" signature="setup()[pri:0, instance:com.ecommerce.tests.ProductSearchSuiteTest@79da8dc5]" started-at="2026-02-23T16:43:24 IST" name="setup" finished-at="2026-02-23T16:43:28 IST" duration-ms="3362" status="PASS">
          <reporter-output>
          </reporter-output>
        </test-method> <!-- setup -->
        <test-method signature="testFilterByPriceRange()[pri:0, instance:com.ecommerce.tests.ProductSearchSuiteTest@79da8dc5]" started-at="2026-02-23T16:43:28 IST" name="testFilterByPriceRange" finished-at="2026-02-23T16:43:30 IST" duration-ms="2476" status="PASS">
          <reporter-output>
          </reporter-output>
        </test-method> <!-- testFilterByPriceRange -->
        <test-method is-config="true" signature="teardown()[pri:0, instance:com.ecommerce.tests.ProductSearchSuiteTest@79da8dc5]" started-at="2026-02-23T16:43:30 IST" name="teardown" finished-at="2026-02-23T16:43:30 IST" duration-ms="256" status="PASS">
          <reporter-output>
          </reporter-output>
        </test-method> <!-- teardown -->
        <test-method is-config="true" signature="setup()[pri:0, instance:com.ecommerce.tests.ProductSearchSuiteTest@79da8dc5]" started-at="2026-02-23T16:43:30 IST" name="setup" finished-at="2026-02-23T16:43:34 IST" duration-ms="3763" status="PASS">
          <reporter-output>
          </reporter-output>
        </test-method> <!-- setup -->
        <test-method signature="testMaxPriceFilter()[pri:0, instance:com.ecommerce.tests.ProductSearchSuiteTest@79da8dc5]" started-at="2026-02-23T16:43:34 IST" name="testMaxPriceFilter" finished-at="2026-02-23T16:43:34 IST" duration-ms="310" status="PASS">
          <reporter-output>
          </reporter-output>
        </test-method> <!-- testMaxPriceFilter -->
        <test-method is-config="true" signature="teardown()[pri:0, instance:com.ecommerce.tests.ProductSearchSuiteTest@79da8dc5]" started-at="2026-02-23T16:43:34 IST" name="teardown" finished-at="2026-02-23T16:43:35 IST" duration-ms="163" status="PASS">
          <reporter-output>
          </reporter-output>
        </test-method> <!-- teardown -->
        <test-method is-config="true" signature="setup()[pri:0, instance:com.ecommerce.tests.ProductSearchSuiteTest@79da8dc5]" started-at="2026-02-23T16:43:35 IST" name="setup" finished-at="2026-02-23T16:43:38 IST" duration-ms="3502" status="PASS">
          <reporter-output>
          </reporter-output>
        </test-method> <!-- setup -->
        <test-method signature="testMinPriceFilter()[pri:0, instance:com.ecommerce.tests.ProductSearchSuiteTest@79da8dc5]" started-at="2026-02-23T16:43:38 IST" name="testMinPriceFilter" finished-at="2026-02-23T16:43:38 IST" duration-ms="310" status="PASS">
          <reporter-output>
          </reporter-output>
        </test-method> <!-- testMinPriceFilter -->
        <test-method is-config="true" signature="teardown()[pri:0, instance:com.ecommerce.tests.ProductSearchSuiteTest@79da8dc5]" started-at="2026-02-23T16:43:38 IST" name="teardown" finished-at="2026-02-23T16:43:39 IST" duration-ms="181" status="PASS">
          <reporter-output>
          </reporter-output>
        </test-method> <!-- teardown -->
        <test-method is-config="true" signature="setup()[pri:0, instance:com.ecommerce.tests.ProductSearchSuiteTest@79da8dc5]" started-at="2026-02-23T16:43:39 IST" name="setup" finished-at="2026-02-23T16:43:42 IST" duration-ms="3393" status="PASS">
          <reporter-output>
          </reporter-output>
        </test-method> <!-- setup -->
        <test-method signature="testNoResultsFound()[pri:0, instance:com.ecommerce.tests.ProductSearchSuiteTest@79da8dc5]" started-at="2026-02-23T16:43:42 IST" name="testNoResultsFound" finished-at="2026-02-23T16:43:44 IST" duration-ms="2378" status="PASS">
          <reporter-output>
          </reporter-output>
        </test-method> <!-- testNoResultsFound -->
        <test-method is-config="true" signature="teardown()[pri:0, instance:com.ecommerce.tests.ProductSearchSuiteTest@79da8dc5]" started-at="2026-02-23T16:43:44 IST" name="teardown" finished-at="2026-02-23T16:43:45 IST" duration-ms="206" status="PASS">
          <reporter-output>
          </reporter-output>
        </test-method> <!-- teardown -->
        <test-method is-config="true" signature="setup()[pri:0, instance:com.ecommerce.tests.ProductSearchSuiteTest@79da8dc5]" started-at="2026-02-23T16:43:45 IST" name="setup" finished-at="2026-02-23T16:43:49 IST" duration-ms="3913" status="PASS">
          <reporter-output>
          </reporter-output>
        </test-method> <!-- setup -->
        <test-method signature="testSearchByKeyword()[pri:0, instance:com.ecommerce.tests.ProductSearchSuiteTest@79da8dc5]" started-at="2026-02-23T16:43:49 IST" name="testSearchByKeyword" finished-at="2026-02-23T16:43:49 IST" duration-ms="313" status="PASS">
          <reporter-output>
          </reporter-output>
        </test-method> <!-- testSearchByKeyword -->
        <test-method is-config="true" signature="teardown()[pri:0, instance:com.ecommerce.tests.ProductSearchSuiteTest@79da8dc5]" started-at="2026-02-23T16:43:49 IST" name="teardown" finished-at="2026-02-23T16:43:49 IST" duration-ms="197" status="PASS">
          <reporter-output>
          </reporter-output>
        </test-method> <!-- teardown -->
        <test-method is-config="true" signature="setup()[pri:0, instance:com.ecommerce.tests.ProductSearchSuiteTest@79da8dc5]" started-at="2026-02-23T16:43:49 IST" name="setup" finished-at="2026-02-23T16:43:52 IST" duration-ms="3350" status="PASS">
          <reporter-output>
          </reporter-output>
        </test-method> <!-- setup -->
        <test-method signature="testSearchNoResults()[pri:0, instance:com.ecommerce.tests.ProductSearchSuiteTest@79da8dc5]" started-at="2026-02-23T16:43:52 IST" name="testSearchNoResults" finished-at="2026-02-23T16:43:53 IST" duration-ms="312" status="PASS">
          <reporter-output>
          </reporter-output>
        </test-method> <!-- testSearchNoResults -->
        <test-method is-config="true" signature="teardown()[pri:0, instance:com.ecommerce.tests.ProductSearchSuiteTest@79da8dc5]" started-at="2026-02-23T16:43:53 IST" name="teardown" finished-at="2026-02-23T16:43:53 IST" duration-ms="163" status="PASS">
          <reporter-output>
          </reporter-output>
        </test-method> <!-- teardown -->
      </class> <!-- com.ecommerce.tests.ProductSearchSuiteTest -->
      <class name="com.ecommerce.tests.OrderHistoryTest">
        <test-method is-config="true" signature="setup()[pri:0, instance:com.ecommerce.tests.OrderHistoryTest@c333c60]" started-at="2026-02-23T16:41:59 IST" name="setup" finished-at="2026-02-23T16:42:04 IST" duration-ms="4884" status="PASS">
          <reporter-output>
          </reporter-output>
        </test-method> <!-- setup -->
        <test-method signature="testCompletedStatus()[pri:0, instance:com.ecommerce.tests.OrderHistoryTest@c333c60]" started-at="2026-02-23T16:42:04 IST" name="testCompletedStatus" finished-at="2026-02-23T16:42:04 IST" duration-ms="24" status="PASS">
          <reporter-output>
          </reporter-output>
        </test-method> <!-- testCompletedStatus -->
        <test-method is-config="true" signature="tearDown()[pri:0, instance:com.ecommerce.tests.OrderHistoryTest@c333c60]" started-at="2026-02-23T16:42:04 IST" name="tearDown" finished-at="2026-02-23T16:42:04 IST" duration-ms="219" status="PASS">
          <reporter-output>
          </reporter-output>
        </test-method> <!-- tearDown -->
        <test-method is-config="true" signature="setup()[pri:0, instance:com.ecommerce.tests.OrderHistoryTest@c333c60]" started-at="2026-02-23T16:42:04 IST" name="setup" finished-at="2026-02-23T16:42:09 IST" duration-ms="4869" status="PASS">
          <reporter-output>
          </reporter-output>
        </test-method> <!-- setup -->
        <test-method signature="testEachOrderHasPrice()[pri:0, instance:com.ecommerce.tests.OrderHistoryTest@c333c60]" started-at="2026-02-23T16:42:09 IST" name="testEachOrderHasPrice" finished-at="2026-02-23T16:42:09 IST" duration-ms="24" status="PASS">
          <reporter-output>
          </reporter-output>
        </test-method> <!-- testEachOrderHasPrice -->
        <test-method is-config="true" signature="tearDown()[pri:0, instance:com.ecommerce.tests.OrderHistoryTest@c333c60]" started-at="2026-02-23T16:42:09 IST" name="tearDown" finished-at="2026-02-23T16:42:10 IST" duration-ms="257" status="PASS">
          <reporter-output>
          </reporter-output>
        </test-method> <!-- tearDown -->
        <test-method is-config="true" signature="setup()[pri:0, instance:com.ecommerce.tests.OrderHistoryTest@c333c60]" started-at="2026-02-23T16:42:10 IST" name="setup" finished-at="2026-02-23T16:42:15 IST" duration-ms="5270" status="PASS">
          <reporter-output>
          </reporter-output>
        </test-method> <!-- setup -->
        <test-method signature="testEachOrderHasProduct()[pri:0, instance:com.ecommerce.tests.OrderHistoryTest@c333c60]" started-at="2026-02-23T16:42:15 IST" name="testEachOrderHasProduct" finished-at="2026-02-23T16:42:15 IST" duration-ms="21" status="PASS">
          <reporter-output>
          </reporter-output>
        </test-method> <!-- testEachOrderHasProduct -->
        <test-method is-config="true" signature="tearDown()[pri:0, instance:com.ecommerce.tests.OrderHistoryTest@c333c60]" started-at="2026-02-23T16:42:15 IST" name="tearDown" finished-at="2026-02-23T16:42:15 IST" duration-ms="215" status="PASS">
          <reporter-output>
          </reporter-output>
        </test-method> <!-- tearDown -->
        <test-method is-config="true" signature="setup()[pri:0, instance:com.ecommerce.tests.OrderHistoryTest@c333c60]" started-at="2026-02-23T16:42:15 IST" name="setup" finished-at="2026-02-23T16:42:20 IST" duration-ms="4625" status="PASS">
          <reporter-output>
          </reporter-output>
        </test-method> <!-- setup -->
        <test-method signature="testEachOrderHasStatus()[pri:0, instance:com.ecommerce.tests.OrderHistoryTest@c333c60]" started-at="2026-02-23T16:42:20 IST" name="testEachOrderHasStatus" finished-at="2026-02-23T16:42:20 IST" duration-ms="23" status="PASS">
          <reporter-output>
          </reporter-output>
        </test-method> <!-- testEachOrderHasStatus -->
        <test-method is-config="true" signature="tearDown()[pri:0, instance:com.ecommerce.tests.OrderHistoryTest@c333c60]" started-at="2026-02-23T16:42:20 IST" name="tearDown" finished-at="2026-02-23T16:42:20 IST" duration-ms="228" status="PASS">
          <reporter-output>
          </reporter-output>
        </test-method> <!-- tearDown -->
        <test-method is-config="true" signature="setup()[pri:0, instance:com.ecommerce.tests.OrderHistoryTest@c333c60]" started-at="2026-02-23T16:42:20 IST" name="setup" finished-at="2026-02-23T16:42:25 IST" duration-ms="4890" status="PASS">
          <reporter-output>
          </reporter-output>
        </test-method> <!-- setup -->
        <test-method signature="testMultipleOrders()[pri:0, instance:com.ecommerce.tests.OrderHistoryTest@c333c60]" started-at="2026-02-23T16:42:25 IST" name="testMultipleOrders" finished-at="2026-02-23T16:42:25 IST" duration-ms="20" status="PASS">
          <reporter-output>
          </reporter-output>
        </test-method> <!-- testMultipleOrders -->
        <test-method is-config="true" signature="tearDown()[pri:0, instance:com.ecommerce.tests.OrderHistoryTest@c333c60]" started-at="2026-02-23T16:42:25 IST" name="tearDown" finished-at="2026-02-23T16:42:25 IST" duration-ms="218" status="PASS">
          <reporter-output>
          </reporter-output>
        </test-method> <!-- tearDown -->
        <test-method is-config="true" signature="setup()[pri:0, instance:com.ecommerce.tests.OrderHistoryTest@c333c60]" started-at="2026-02-23T16:42:25 IST" name="setup" finished-at="2026-02-23T16:42:30 IST" duration-ms="4536" status="PASS">
          <reporter-output>
          </reporter-output>
        </test-method> <!-- setup -->
        <test-method signature="testNoEmptyFields()[pri:0, instance:com.ecommerce.tests.OrderHistoryTest@c333c60]" started-at="2026-02-23T16:42:30 IST" name="testNoEmptyFields" finished-at="2026-02-23T16:42:30 IST" duration-ms="22" status="PASS">
          <reporter-output>
          </reporter-output>
        </test-method> <!-- testNoEmptyFields -->
        <test-method is-config="true" signature="tearDown()[pri:0, instance:com.ecommerce.tests.OrderHistoryTest@c333c60]" started-at="2026-02-23T16:42:30 IST" name="tearDown" finished-at="2026-02-23T16:42:30 IST" duration-ms="226" status="PASS">
          <reporter-output>
          </reporter-output>
        </test-method> <!-- tearDown -->
        <test-method is-config="true" signature="setup()[pri:0, instance:com.ecommerce.tests.OrderHistoryTest@c333c60]" started-at="2026-02-23T16:42:30 IST" name="setup" finished-at="2026-02-23T16:42:35 IST" duration-ms="5347" status="PASS">
          <reporter-output>
          </reporter-output>
        </test-method> <!-- setup -->
        <test-method signature="testOrderCountConsistency()[pri:0, instance:com.ecommerce.tests.OrderHistoryTest@c333c60]" started-at="2026-02-23T16:42:35 IST" name="testOrderCountConsistency" finished-at="2026-02-23T16:42:35 IST" duration-ms="74" status="PASS">
          <reporter-output>
          </reporter-output>
        </test-method> <!-- testOrderCountConsistency -->
        <test-method is-config="true" signature="tearDown()[pri:0, instance:com.ecommerce.tests.OrderHistoryTest@c333c60]" started-at="2026-02-23T16:42:35 IST" name="tearDown" finished-at="2026-02-23T16:42:36 IST" duration-ms="238" status="PASS">
          <reporter-output>
          </reporter-output>
        </test-method> <!-- tearDown -->
        <test-method is-config="true" signature="setup()[pri:0, instance:com.ecommerce.tests.OrderHistoryTest@c333c60]" started-at="2026-02-23T16:42:36 IST" name="setup" finished-at="2026-02-23T16:42:41 IST" duration-ms="5515" status="PASS">
          <reporter-output>
          </reporter-output>
        </test-method> <!-- setup -->
        <test-method signature="testOrderStatusDisplayed()[pri:0, instance:com.ecommerce.tests.OrderHistoryTest@c333c60]" started-at="2026-02-23T16:42:41 IST" name="testOrderStatusDisplayed" finished-at="2026-02-23T16:42:41 IST" duration-ms="25" status="PASS">
          <reporter-output>
          </reporter-output>
        </test-method> <!-- testOrderStatusDisplayed -->
        <test-method is-config="true" signature="tearDown()[pri:0, instance:com.ecommerce.tests.OrderHistoryTest@c333c60]" started-at="2026-02-23T16:42:41 IST" name="tearDown" finished-at="2026-02-23T16:42:41 IST" duration-ms="217" status="PASS">
          <reporter-output>
          </reporter-output>
        </test-method> <!-- tearDown -->
        <test-method is-config="true" signature="setup()[pri:0, instance:com.ecommerce.tests.OrderHistoryTest@c333c60]" started-at="2026-02-23T16:42:41 IST" name="setup" finished-at="2026-02-23T16:42:47 IST" duration-ms="5310" status="PASS">
          <reporter-output>
          </reporter-output>
        </test-method> <!-- setup -->
        <test-method signature="testOrdersDisplayed()[pri:0, instance:com.ecommerce.tests.OrderHistoryTest@c333c60]" started-at="2026-02-23T16:42:47 IST" name="testOrdersDisplayed" finished-at="2026-02-23T16:42:47 IST" duration-ms="21" status="PASS">
          <reporter-output>
          </reporter-output>
        </test-method> <!-- testOrdersDisplayed -->
        <test-method is-config="true" signature="tearDown()[pri:0, instance:com.ecommerce.tests.OrderHistoryTest@c333c60]" started-at="2026-02-23T16:42:47 IST" name="tearDown" finished-at="2026-02-23T16:42:47 IST" duration-ms="257" status="PASS">
          <reporter-output>
          </reporter-output>
        </test-method> <!-- tearDown -->
        <test-method is-config="true" signature="setup()[pri:0, instance:com.ecommerce.tests.OrderHistoryTest@c333c60]" started-at="2026-02-23T16:42:47 IST" name="setup" finished-at="2026-02-23T16:42:52 IST" duration-ms="5255" status="PASS">
          <reporter-output>
          </reporter-output>
        </test-method> <!-- setup -->
        <test-method signature="testPageStable()[pri:0, instance:com.ecommerce.tests.OrderHistoryTest@c333c60]" started-at="2026-02-23T16:42:52 IST" name="testPageStable" finished-at="2026-02-23T16:42:52 IST" duration-ms="14" status="PASS">
          <reporter-output>
          </reporter-output>
        </test-method> <!-- testPageStable -->
        <test-method is-config="true" signature="tearDown()[pri:0, instance:com.ecommerce.tests.OrderHistoryTest@c333c60]" started-at="2026-02-23T16:42:52 IST" name="tearDown" finished-at="2026-02-23T16:42:52 IST" duration-ms="257" status="PASS">
          <reporter-output>
          </reporter-output>
        </test-method> <!-- tearDown -->
        <test-method is-config="true" signature="setup()[pri:0, instance:com.ecommerce.tests.OrderHistoryTest@c333c60]" started-at="2026-02-23T16:42:52 IST" name="setup" finished-at="2026-02-23T16:42:58 IST" duration-ms="5271" status="PASS">
          <reporter-output>
          </reporter-output>
        </test-method> <!-- setup -->
        <test-method signature="testPendingStatus()[pri:0, instance:com.ecommerce.tests.OrderHistoryTest@c333c60]" started-at="2026-02-23T16:42:58 IST" name="testPendingStatus" finished-at="2026-02-23T16:42:58 IST" duration-ms="21" status="PASS">
          <reporter-output>
          </reporter-output>
        </test-method> <!-- testPendingStatus -->
        <test-method is-config="true" signature="tearDown()[pri:0, instance:com.ecommerce.tests.OrderHistoryTest@c333c60]" started-at="2026-02-23T16:42:58 IST" name="tearDown" finished-at="2026-02-23T16:42:58 IST" duration-ms="265" status="PASS">
          <reporter-output>
          </reporter-output>
        </test-method> <!-- tearDown -->
        <test-method is-config="true" signature="setup()[pri:0, instance:com.ecommerce.tests.OrderHistoryTest@c333c60]" started-at="2026-02-23T16:42:58 IST" name="setup" finished-at="2026-02-23T16:43:02 IST" duration-ms="4266" status="PASS">
          <reporter-output>
          </reporter-output>
        </test-method> <!-- setup -->
        <test-method signature="testPriceFormat()[pri:0, instance:com.ecommerce.tests.OrderHistoryTest@c333c60]" started-at="2026-02-23T16:43:02 IST" name="testPriceFormat" finished-at="2026-02-23T16:43:02 IST" duration-ms="24" status="PASS">
          <reporter-output>
          </reporter-output>
        </test-method> <!-- testPriceFormat -->
        <test-method is-config="true" signature="tearDown()[pri:0, instance:com.ecommerce.tests.OrderHistoryTest@c333c60]" started-at="2026-02-23T16:43:02 IST" name="tearDown" finished-at="2026-02-23T16:43:02 IST" duration-ms="160" status="PASS">
          <reporter-output>
          </reporter-output>
        </test-method> <!-- tearDown -->
        <test-method is-config="true" signature="setup()[pri:0, instance:com.ecommerce.tests.OrderHistoryTest@c333c60]" started-at="2026-02-23T16:43:02 IST" name="setup" finished-at="2026-02-23T16:43:07 IST" duration-ms="4746" status="PASS">
          <reporter-output>
          </reporter-output>
        </test-method> <!-- setup -->
        <test-method signature="testProductNamesDisplayed()[pri:0, instance:com.ecommerce.tests.OrderHistoryTest@c333c60]" started-at="2026-02-23T16:43:07 IST" name="testProductNamesDisplayed" finished-at="2026-02-23T16:43:07 IST" duration-ms="22" status="PASS">
          <reporter-output>
          </reporter-output>
        </test-method> <!-- testProductNamesDisplayed -->
        <test-method is-config="true" signature="tearDown()[pri:0, instance:com.ecommerce.tests.OrderHistoryTest@c333c60]" started-at="2026-02-23T16:43:07 IST" name="tearDown" finished-at="2026-02-23T16:43:07 IST" duration-ms="148" status="PASS">
          <reporter-output>
          </reporter-output>
        </test-method> <!-- tearDown -->
        <test-method is-config="true" signature="setup()[pri:0, instance:com.ecommerce.tests.OrderHistoryTest@c333c60]" started-at="2026-02-23T16:43:07 IST" name="setup" finished-at="2026-02-23T16:43:12 IST" duration-ms="4240" status="PASS">
          <reporter-output>
          </reporter-output>
        </test-method> <!-- setup -->
        <test-method signature="testScrollOrders()[pri:0, instance:com.ecommerce.tests.OrderHistoryTest@c333c60]" started-at="2026-02-23T16:43:12 IST" name="testScrollOrders" finished-at="2026-02-23T16:43:12 IST" duration-ms="12" status="PASS">
          <reporter-output>
          </reporter-output>
        </test-method> <!-- testScrollOrders -->
        <test-method is-config="true" signature="tearDown()[pri:0, instance:com.ecommerce.tests.OrderHistoryTest@c333c60]" started-at="2026-02-23T16:43:12 IST" name="tearDown" finished-at="2026-02-23T16:43:12 IST" duration-ms="158" status="PASS">
          <reporter-output>
          </reporter-output>
        </test-method> <!-- tearDown -->
        <test-method is-config="true" signature="setup()[pri:0, instance:com.ecommerce.tests.OrderHistoryTest@c333c60]" started-at="2026-02-23T16:43:12 IST" name="setup" finished-at="2026-02-23T16:43:16 IST" duration-ms="4029" status="PASS">
          <reporter-output>
          </reporter-output>
        </test-method> <!-- setup -->
        <test-method signature="testTotalPriceDisplayed()[pri:0, instance:com.ecommerce.tests.OrderHistoryTest@c333c60]" started-at="2026-02-23T16:43:16 IST" name="testTotalPriceDisplayed" finished-at="2026-02-23T16:43:16 IST" duration-ms="22" status="PASS">
          <reporter-output>
          </reporter-output>
        </test-method> <!-- testTotalPriceDisplayed -->
        <test-method is-config="true" signature="tearDown()[pri:0, instance:com.ecommerce.tests.OrderHistoryTest@c333c60]" started-at="2026-02-23T16:43:16 IST" name="tearDown" finished-at="2026-02-23T16:43:16 IST" duration-ms="172" status="PASS">
          <reporter-output>
          </reporter-output>
        </test-method> <!-- tearDown -->
      </class> <!-- com.ecommerce.tests.OrderHistoryTest -->
      <class name="com.ecommerce.tests.PurchaseFlowSuiteTest">
        <test-method is-config="true" signature="setup()[pri:0, instance:com.ecommerce.tests.PurchaseFlowSuiteTest@1eb5174b]" started-at="2026-02-23T16:43:53 IST" name="setup" finished-at="2026-02-23T16:43:56 IST" duration-ms="3302" status="PASS">
          <reporter-output>
          </reporter-output>
        </test-method> <!-- setup -->
        <test-method signature="testCheckoutProtectedRoute()[pri:0, instance:com.ecommerce.tests.PurchaseFlowSuiteTest@1eb5174b]" started-at="2026-02-23T16:43:56 IST" name="testCheckoutProtectedRoute" finished-at="2026-02-23T16:43:56 IST" duration-ms="161" status="PASS">
          <reporter-output>
          </reporter-output>
        </test-method> <!-- testCheckoutProtectedRoute -->
        <test-method is-config="true" signature="tearDown()[pri:0, instance:com.ecommerce.tests.PurchaseFlowSuiteTest@1eb5174b]" started-at="2026-02-23T16:43:56 IST" name="tearDown" finished-at="2026-02-23T16:43:56 IST" duration-ms="156" status="PASS">
          <reporter-output>
          </reporter-output>
        </test-method> <!-- tearDown -->
        <test-method is-config="true" signature="setup()[pri:0, instance:com.ecommerce.tests.PurchaseFlowSuiteTest@1eb5174b]" started-at="2026-02-23T16:43:56 IST" name="setup" finished-at="2026-02-23T16:44:00 IST" duration-ms="3555" status="PASS">
          <reporter-output>
          </reporter-output>
        </test-method> <!-- setup -->
        <test-method signature="testCheckoutRequiresLogin()[pri:0, instance:com.ecommerce.tests.PurchaseFlowSuiteTest@1eb5174b]" started-at="2026-02-23T16:44:00 IST" name="testCheckoutRequiresLogin" finished-at="2026-02-23T16:44:00 IST" duration-ms="146" status="PASS">
          <reporter-output>
          </reporter-output>
        </test-method> <!-- testCheckoutRequiresLogin -->
        <test-method is-config="true" signature="tearDown()[pri:0, instance:com.ecommerce.tests.PurchaseFlowSuiteTest@1eb5174b]" started-at="2026-02-23T16:44:00 IST" name="tearDown" finished-at="2026-02-23T16:44:00 IST" duration-ms="271" status="PASS">
          <reporter-output>
          </reporter-output>
        </test-method> <!-- tearDown -->
        <test-method is-config="true" signature="setup()[pri:0, instance:com.ecommerce.tests.PurchaseFlowSuiteTest@1eb5174b]" started-at="2026-02-23T16:44:00 IST" name="setup" finished-at="2026-02-23T16:44:04 IST" duration-ms="3418" status="PASS">
          <reporter-output>
          </reporter-output>
        </test-method> <!-- setup -->
        <test-method signature="testHomePageLoads()[pri:0, instance:com.ecommerce.tests.PurchaseFlowSuiteTest@1eb5174b]" started-at="2026-02-23T16:44:04 IST" name="testHomePageLoads" finished-at="2026-02-23T16:44:04 IST" duration-ms="24" status="PASS">
          <reporter-output>
          </reporter-output>
        </test-method> <!-- testHomePageLoads -->
        <test-method is-config="true" signature="tearDown()[pri:0, instance:com.ecommerce.tests.PurchaseFlowSuiteTest@1eb5174b]" started-at="2026-02-23T16:44:04 IST" name="tearDown" finished-at="2026-02-23T16:44:04 IST" duration-ms="163" status="PASS">
          <reporter-output>
          </reporter-output>
        </test-method> <!-- tearDown -->
        <test-method is-config="true" signature="setup()[pri:0, instance:com.ecommerce.tests.PurchaseFlowSuiteTest@1eb5174b]" started-at="2026-02-23T16:44:04 IST" name="setup" finished-at="2026-02-23T16:44:08 IST" duration-ms="4258" status="PASS">
          <reporter-output>
          </reporter-output>
        </test-method> <!-- setup -->
        <test-method signature="testLoginFieldsVisible()[pri:0, instance:com.ecommerce.tests.PurchaseFlowSuiteTest@1eb5174b]" started-at="2026-02-23T16:44:08 IST" name="testLoginFieldsVisible" finished-at="2026-02-23T16:44:09 IST" duration-ms="271" status="PASS">
          <reporter-output>
          </reporter-output>
        </test-method> <!-- testLoginFieldsVisible -->
        <test-method is-config="true" signature="tearDown()[pri:0, instance:com.ecommerce.tests.PurchaseFlowSuiteTest@1eb5174b]" started-at="2026-02-23T16:44:09 IST" name="tearDown" finished-at="2026-02-23T16:44:09 IST" duration-ms="213" status="PASS">
          <reporter-output>
          </reporter-output>
        </test-method> <!-- tearDown -->
        <test-method is-config="true" signature="setup()[pri:0, instance:com.ecommerce.tests.PurchaseFlowSuiteTest@1eb5174b]" started-at="2026-02-23T16:44:09 IST" name="setup" finished-at="2026-02-23T16:44:12 IST" duration-ms="3571" status="PASS">
          <reporter-output>
          </reporter-output>
        </test-method> <!-- setup -->
        <test-method signature="testLoginLinkVisible()[pri:0, instance:com.ecommerce.tests.PurchaseFlowSuiteTest@1eb5174b]" started-at="2026-02-23T16:44:12 IST" name="testLoginLinkVisible" finished-at="2026-02-23T16:44:12 IST" duration-ms="74" status="PASS">
          <reporter-output>
          </reporter-output>
        </test-method> <!-- testLoginLinkVisible -->
        <test-method is-config="true" signature="tearDown()[pri:0, instance:com.ecommerce.tests.PurchaseFlowSuiteTest@1eb5174b]" started-at="2026-02-23T16:44:12 IST" name="tearDown" finished-at="2026-02-23T16:44:13 IST" duration-ms="151" status="PASS">
          <reporter-output>
          </reporter-output>
        </test-method> <!-- tearDown -->
        <test-method is-config="true" signature="setup()[pri:0, instance:com.ecommerce.tests.PurchaseFlowSuiteTest@1eb5174b]" started-at="2026-02-23T16:44:13 IST" name="setup" finished-at="2026-02-23T16:44:16 IST" duration-ms="3719" status="PASS">
          <reporter-output>
          </reporter-output>
        </test-method> <!-- setup -->
        <test-method signature="testLoginPageLoads()[pri:0, instance:com.ecommerce.tests.PurchaseFlowSuiteTest@1eb5174b]" started-at="2026-02-23T16:44:16 IST" name="testLoginPageLoads" finished-at="2026-02-23T16:44:17 IST" duration-ms="141" status="PASS">
          <reporter-output>
          </reporter-output>
        </test-method> <!-- testLoginPageLoads -->
        <test-method is-config="true" signature="tearDown()[pri:0, instance:com.ecommerce.tests.PurchaseFlowSuiteTest@1eb5174b]" started-at="2026-02-23T16:44:17 IST" name="tearDown" finished-at="2026-02-23T16:44:17 IST" duration-ms="166" status="PASS">
          <reporter-output>
          </reporter-output>
        </test-method> <!-- tearDown -->
        <test-method is-config="true" signature="setup()[pri:0, instance:com.ecommerce.tests.PurchaseFlowSuiteTest@1eb5174b]" started-at="2026-02-23T16:44:17 IST" name="setup" finished-at="2026-02-23T16:44:20 IST" duration-ms="3531" status="PASS">
          <reporter-output>
          </reporter-output>
        </test-method> <!-- setup -->
        <test-method signature="testNavbarVisible()[pri:0, instance:com.ecommerce.tests.PurchaseFlowSuiteTest@1eb5174b]" started-at="2026-02-23T16:44:20 IST" name="testNavbarVisible" finished-at="2026-02-23T16:44:20 IST" duration-ms="75" status="PASS">
          <reporter-output>
          </reporter-output>
        </test-method> <!-- testNavbarVisible -->
        <test-method is-config="true" signature="tearDown()[pri:0, instance:com.ecommerce.tests.PurchaseFlowSuiteTest@1eb5174b]" started-at="2026-02-23T16:44:20 IST" name="tearDown" finished-at="2026-02-23T16:44:20 IST" duration-ms="153" status="PASS">
          <reporter-output>
          </reporter-output>
        </test-method> <!-- tearDown -->
        <test-method is-config="true" signature="setup()[pri:0, instance:com.ecommerce.tests.PurchaseFlowSuiteTest@1eb5174b]" started-at="2026-02-23T16:44:20 IST" name="setup" finished-at="2026-02-23T16:44:24 IST" duration-ms="3488" status="PASS">
          <reporter-output>
          </reporter-output>
        </test-method> <!-- setup -->
        <test-method signature="testNavigateToLoginPage()[pri:0, instance:com.ecommerce.tests.PurchaseFlowSuiteTest@1eb5174b]" started-at="2026-02-23T16:44:24 IST" name="testNavigateToLoginPage" finished-at="2026-02-23T16:44:24 IST" duration-ms="194" status="PASS">
          <reporter-output>
          </reporter-output>
        </test-method> <!-- testNavigateToLoginPage -->
        <test-method is-config="true" signature="tearDown()[pri:0, instance:com.ecommerce.tests.PurchaseFlowSuiteTest@1eb5174b]" started-at="2026-02-23T16:44:24 IST" name="tearDown" finished-at="2026-02-23T16:44:24 IST" duration-ms="165" status="PASS">
          <reporter-output>
          </reporter-output>
        </test-method> <!-- tearDown -->
        <test-method is-config="true" signature="setup()[pri:0, instance:com.ecommerce.tests.PurchaseFlowSuiteTest@1eb5174b]" started-at="2026-02-23T16:44:24 IST" name="setup" finished-at="2026-02-23T16:44:28 IST" duration-ms="3454" status="PASS">
          <reporter-output>
          </reporter-output>
        </test-method> <!-- setup -->
        <test-method signature="testNoBrokenHomeRoute()[pri:0, instance:com.ecommerce.tests.PurchaseFlowSuiteTest@1eb5174b]" started-at="2026-02-23T16:44:28 IST" name="testNoBrokenHomeRoute" finished-at="2026-02-23T16:44:28 IST" duration-ms="338" status="PASS">
          <reporter-output>
          </reporter-output>
        </test-method> <!-- testNoBrokenHomeRoute -->
        <test-method is-config="true" signature="tearDown()[pri:0, instance:com.ecommerce.tests.PurchaseFlowSuiteTest@1eb5174b]" started-at="2026-02-23T16:44:28 IST" name="tearDown" finished-at="2026-02-23T16:44:28 IST" duration-ms="147" status="PASS">
          <reporter-output>
          </reporter-output>
        </test-method> <!-- tearDown -->
        <test-method is-config="true" signature="setup()[pri:0, instance:com.ecommerce.tests.PurchaseFlowSuiteTest@1eb5174b]" started-at="2026-02-23T16:44:28 IST" name="setup" finished-at="2026-02-23T16:44:32 IST" duration-ms="3280" status="PASS">
          <reporter-output>
          </reporter-output>
        </test-method> <!-- setup -->
        <test-method signature="testPageTitleNotEmpty()[pri:0, instance:com.ecommerce.tests.PurchaseFlowSuiteTest@1eb5174b]" started-at="2026-02-23T16:44:32 IST" name="testPageTitleNotEmpty" finished-at="2026-02-23T16:44:32 IST" duration-ms="287" status="PASS">
          <reporter-output>
          </reporter-output>
        </test-method> <!-- testPageTitleNotEmpty -->
        <test-method is-config="true" signature="tearDown()[pri:0, instance:com.ecommerce.tests.PurchaseFlowSuiteTest@1eb5174b]" started-at="2026-02-23T16:44:32 IST" name="tearDown" finished-at="2026-02-23T16:44:32 IST" duration-ms="149" status="PASS">
          <reporter-output>
          </reporter-output>
        </test-method> <!-- tearDown -->
        <test-method is-config="true" signature="setup()[pri:0, instance:com.ecommerce.tests.PurchaseFlowSuiteTest@1eb5174b]" started-at="2026-02-23T16:44:32 IST" name="setup" finished-at="2026-02-23T16:44:35 IST" duration-ms="3360" status="PASS">
          <reporter-output>
          </reporter-output>
        </test-method> <!-- setup -->
        <test-method signature="testProductsPageAccessibleAfterLogin()[pri:0, instance:com.ecommerce.tests.PurchaseFlowSuiteTest@1eb5174b]" started-at="2026-02-23T16:44:35 IST" name="testProductsPageAccessibleAfterLogin" finished-at="2026-02-23T16:44:36 IST" duration-ms="682" status="PASS">
          <reporter-output>
          </reporter-output>
        </test-method> <!-- testProductsPageAccessibleAfterLogin -->
        <test-method is-config="true" signature="tearDown()[pri:0, instance:com.ecommerce.tests.PurchaseFlowSuiteTest@1eb5174b]" started-at="2026-02-23T16:44:36 IST" name="tearDown" finished-at="2026-02-23T16:44:36 IST" duration-ms="138" status="PASS">
          <reporter-output>
          </reporter-output>
        </test-method> <!-- tearDown -->
        <test-method is-config="true" signature="setup()[pri:0, instance:com.ecommerce.tests.PurchaseFlowSuiteTest@1eb5174b]" started-at="2026-02-23T16:44:36 IST" name="setup" finished-at="2026-02-23T16:44:40 IST" duration-ms="3967" status="PASS">
          <reporter-output>
          </reporter-output>
        </test-method> <!-- setup -->
        <test-method signature="testProductsSectionVisibleAfterLogin()[pri:0, instance:com.ecommerce.tests.PurchaseFlowSuiteTest@1eb5174b]" started-at="2026-02-23T16:44:40 IST" name="testProductsSectionVisibleAfterLogin" finished-at="2026-02-23T16:44:41 IST" duration-ms="625" status="PASS">
          <reporter-output>
          </reporter-output>
        </test-method> <!-- testProductsSectionVisibleAfterLogin -->
        <test-method is-config="true" signature="tearDown()[pri:0, instance:com.ecommerce.tests.PurchaseFlowSuiteTest@1eb5174b]" started-at="2026-02-23T16:44:41 IST" name="tearDown" finished-at="2026-02-23T16:44:41 IST" duration-ms="192" status="PASS">
          <reporter-output>
          </reporter-output>
        </test-method> <!-- tearDown -->
        <test-method is-config="true" signature="setup()[pri:0, instance:com.ecommerce.tests.PurchaseFlowSuiteTest@1eb5174b]" started-at="2026-02-23T16:44:41 IST" name="setup" finished-at="2026-02-23T16:44:44 IST" duration-ms="3396" status="PASS">
          <reporter-output>
          </reporter-output>
        </test-method> <!-- setup -->
        <test-method signature="testSearchFieldPresent()[pri:0, instance:com.ecommerce.tests.PurchaseFlowSuiteTest@1eb5174b]" started-at="2026-02-23T16:44:44 IST" name="testSearchFieldPresent" finished-at="2026-02-23T16:44:44 IST" duration-ms="76" status="PASS">
          <reporter-output>
          </reporter-output>
        </test-method> <!-- testSearchFieldPresent -->
        <test-method is-config="true" signature="tearDown()[pri:0, instance:com.ecommerce.tests.PurchaseFlowSuiteTest@1eb5174b]" started-at="2026-02-23T16:44:44 IST" name="tearDown" finished-at="2026-02-23T16:44:45 IST" duration-ms="168" status="PASS">
          <reporter-output>
          </reporter-output>
        </test-method> <!-- tearDown -->
        <test-method is-config="true" signature="setup()[pri:0, instance:com.ecommerce.tests.PurchaseFlowSuiteTest@1eb5174b]" started-at="2026-02-23T16:44:45 IST" name="setup" finished-at="2026-02-23T16:44:48 IST" duration-ms="3709" status="PASS">
          <reporter-output>
          </reporter-output>
        </test-method> <!-- setup -->
        <test-method signature="testSearchProduct()[pri:0, instance:com.ecommerce.tests.PurchaseFlowSuiteTest@1eb5174b]" started-at="2026-02-23T16:44:48 IST" name="testSearchProduct" finished-at="2026-02-23T16:44:49 IST" duration-ms="325" status="PASS">
          <reporter-output>
          </reporter-output>
        </test-method> <!-- testSearchProduct -->
        <test-method is-config="true" signature="tearDown()[pri:0, instance:com.ecommerce.tests.PurchaseFlowSuiteTest@1eb5174b]" started-at="2026-02-23T16:44:49 IST" name="tearDown" finished-at="2026-02-23T16:44:49 IST" duration-ms="224" status="PASS">
          <reporter-output>
          </reporter-output>
        </test-method> <!-- tearDown -->
      </class> <!-- com.ecommerce.tests.PurchaseFlowSuiteTest -->
      <class name="com.ecommerce.tests.ShoppingCartTest">
        <test-method is-config="true" signature="setup()[pri:0, instance:com.ecommerce.tests.ShoppingCartTest@67080771]" started-at="2026-02-23T16:44:49 IST" name="setup" finished-at="2026-02-23T16:44:52 IST" duration-ms="3231" status="PASS">
          <reporter-output>
          </reporter-output>
        </test-method> <!-- setup -->
        <test-method signature="testAddMultipleItems()[pri:0, instance:com.ecommerce.tests.ShoppingCartTest@67080771]" started-at="2026-02-23T16:44:52 IST" name="testAddMultipleItems" finished-at="2026-02-23T16:44:52 IST" duration-ms="283" status="PASS">
          <reporter-output>
          </reporter-output>
        </test-method> <!-- testAddMultipleItems -->
        <test-method is-config="true" signature="teardown()[pri:0, instance:com.ecommerce.tests.ShoppingCartTest@67080771]" started-at="2026-02-23T16:44:52 IST" name="teardown" finished-at="2026-02-23T16:44:53 IST" duration-ms="171" status="PASS">
          <reporter-output>
          </reporter-output>
        </test-method> <!-- teardown -->
        <test-method is-config="true" signature="setup()[pri:0, instance:com.ecommerce.tests.ShoppingCartTest@67080771]" started-at="2026-02-23T16:44:53 IST" name="setup" finished-at="2026-02-23T16:44:56 IST" duration-ms="3594" status="PASS">
          <reporter-output>
          </reporter-output>
        </test-method> <!-- setup -->
        <test-method signature="testAddSameItemTwice()[pri:0, instance:com.ecommerce.tests.ShoppingCartTest@67080771]" started-at="2026-02-23T16:44:56 IST" name="testAddSameItemTwice" finished-at="2026-02-23T16:44:56 IST" duration-ms="220" status="PASS">
          <reporter-output>
          </reporter-output>
        </test-method> <!-- testAddSameItemTwice -->
        <test-method is-config="true" signature="teardown()[pri:0, instance:com.ecommerce.tests.ShoppingCartTest@67080771]" started-at="2026-02-23T16:44:56 IST" name="teardown" finished-at="2026-02-23T16:44:57 IST" duration-ms="165" status="PASS">
          <reporter-output>
          </reporter-output>
        </test-method> <!-- teardown -->
        <test-method is-config="true" signature="setup()[pri:0, instance:com.ecommerce.tests.ShoppingCartTest@67080771]" started-at="2026-02-23T16:44:57 IST" name="setup" finished-at="2026-02-23T16:45:00 IST" duration-ms="3493" status="PASS">
          <reporter-output>
          </reporter-output>
        </test-method> <!-- setup -->
        <test-method signature="testAddSingleItem()[pri:0, instance:com.ecommerce.tests.ShoppingCartTest@67080771]" started-at="2026-02-23T16:45:00 IST" name="testAddSingleItem" finished-at="2026-02-23T16:45:00 IST" duration-ms="162" status="PASS">
          <reporter-output>
          </reporter-output>
        </test-method> <!-- testAddSingleItem -->
        <test-method is-config="true" signature="teardown()[pri:0, instance:com.ecommerce.tests.ShoppingCartTest@67080771]" started-at="2026-02-23T16:45:00 IST" name="teardown" finished-at="2026-02-23T16:45:00 IST" duration-ms="149" status="PASS">
          <reporter-output>
          </reporter-output>
        </test-method> <!-- teardown -->
        <test-method is-config="true" signature="setup()[pri:0, instance:com.ecommerce.tests.ShoppingCartTest@67080771]" started-at="2026-02-23T16:45:00 IST" name="setup" finished-at="2026-02-23T16:45:04 IST" duration-ms="3751" status="PASS">
          <reporter-output>
          </reporter-output>
        </test-method> <!-- setup -->
        <test-method signature="testCartSyncBackend()[pri:0, instance:com.ecommerce.tests.ShoppingCartTest@67080771]" started-at="2026-02-23T16:45:04 IST" name="testCartSyncBackend" finished-at="2026-02-23T16:45:04 IST" duration-ms="97" status="PASS">
          <reporter-output>
          </reporter-output>
        </test-method> <!-- testCartSyncBackend -->
        <test-method is-config="true" signature="teardown()[pri:0, instance:com.ecommerce.tests.ShoppingCartTest@67080771]" started-at="2026-02-23T16:45:04 IST" name="teardown" finished-at="2026-02-23T16:45:04 IST" duration-ms="149" status="PASS">
          <reporter-output>
          </reporter-output>
        </test-method> <!-- teardown -->
        <test-method is-config="true" signature="setup()[pri:0, instance:com.ecommerce.tests.ShoppingCartTest@67080771]" started-at="2026-02-23T16:45:04 IST" name="setup" finished-at="2026-02-23T16:45:08 IST" duration-ms="3602" status="PASS">
          <reporter-output>
          </reporter-output>
        </test-method> <!-- setup -->
        <test-method signature="testEmptyCart()[pri:0, instance:com.ecommerce.tests.ShoppingCartTest@67080771]" started-at="2026-02-23T16:45:08 IST" name="testEmptyCart" finished-at="2026-02-23T16:45:08 IST" duration-ms="24" status="PASS">
          <reporter-output>
          </reporter-output>
        </test-method> <!-- testEmptyCart -->
        <test-method is-config="true" signature="teardown()[pri:0, instance:com.ecommerce.tests.ShoppingCartTest@67080771]" started-at="2026-02-23T16:45:08 IST" name="teardown" finished-at="2026-02-23T16:45:08 IST" duration-ms="153" status="PASS">
          <reporter-output>
          </reporter-output>
        </test-method> <!-- teardown -->
        <test-method is-config="true" signature="setup()[pri:0, instance:com.ecommerce.tests.ShoppingCartTest@67080771]" started-at="2026-02-23T16:45:08 IST" name="setup" finished-at="2026-02-23T16:45:12 IST" duration-ms="3461" status="PASS">
          <reporter-output>
          </reporter-output>
        </test-method> <!-- setup -->
        <test-method signature="testInvalidQuantity()[pri:0, instance:com.ecommerce.tests.ShoppingCartTest@67080771]" started-at="2026-02-23T16:45:12 IST" name="testInvalidQuantity" finished-at="2026-02-23T16:45:12 IST" duration-ms="478" status="PASS">
          <reporter-output>
          </reporter-output>
        </test-method> <!-- testInvalidQuantity -->
        <test-method is-config="true" signature="teardown()[pri:0, instance:com.ecommerce.tests.ShoppingCartTest@67080771]" started-at="2026-02-23T16:45:12 IST" name="teardown" finished-at="2026-02-23T16:45:12 IST" duration-ms="165" status="PASS">
          <reporter-output>
          </reporter-output>
        </test-method> <!-- teardown -->
        <test-method is-config="true" signature="setup()[pri:0, instance:com.ecommerce.tests.ShoppingCartTest@67080771]" started-at="2026-02-23T16:45:12 IST" name="setup" finished-at="2026-02-23T16:45:17 IST" duration-ms="4788" status="PASS">
          <reporter-output>
          </reporter-output>
        </test-method> <!-- setup -->
        <test-method signature="testUpdateQuantity()[pri:0, instance:com.ecommerce.tests.ShoppingCartTest@67080771]" started-at="2026-02-23T16:45:17 IST" name="testUpdateQuantity" finished-at="2026-02-23T16:45:18 IST" duration-ms="464" status="PASS">
          <reporter-output>
          </reporter-output>
        </test-method> <!-- testUpdateQuantity -->
        <test-method is-config="true" signature="teardown()[pri:0, instance:com.ecommerce.tests.ShoppingCartTest@67080771]" started-at="2026-02-23T16:45:18 IST" name="teardown" finished-at="2026-02-23T16:45:18 IST" duration-ms="171" status="PASS">
          <reporter-output>
          </reporter-output>
        </test-method> <!-- teardown -->
      </class> <!-- com.ecommerce.tests.ShoppingCartTest -->
      <class name="com.ecommerce.tests.LoginTest">
        <test-method signature="openWebsite()[pri:0, instance:com.ecommerce.tests.LoginTest@11bd0f3b]" started-at="2026-02-23T16:41:34 IST" name="openWebsite" finished-at="2026-02-23T16:41:39 IST" duration-ms="5670" status="PASS">
          <reporter-output>
          </reporter-output>
        </test-method> <!-- openWebsite -->
        <test-method signature="testInvalidLogin()[pri:0, instance:com.ecommerce.tests.LoginTest@11bd0f3b]" started-at="2026-02-23T16:41:39 IST" name="testInvalidLogin" finished-at="2026-02-23T16:41:44 IST" duration-ms="5182" status="PASS">
          <reporter-output>
          </reporter-output>
        </test-method> <!-- testInvalidLogin -->
        <test-method signature="testValidLogin()[pri:0, instance:com.ecommerce.tests.LoginTest@11bd0f3b]" started-at="2026-02-23T16:41:44 IST" name="testValidLogin" finished-at="2026-02-23T16:41:50 IST" duration-ms="5563" status="PASS">
          <reporter-output>
          </reporter-output>
        </test-method> <!-- testValidLogin -->
        <test-method signature="testValidLogin1()[pri:0, instance:com.ecommerce.tests.LoginTest@11bd0f3b]" started-at="2026-02-23T16:41:50 IST" name="testValidLogin1" finished-at="2026-02-23T16:41:59 IST" duration-ms="9293" status="PASS">
          <reporter-output>
          </reporter-output>
        </test-method> <!-- testValidLogin1 -->
      </class> <!-- com.ecommerce.tests.LoginTest -->
      <class name="com.ecommerce.tests.LoginSuiteTest">
        <test-method is-config="true" signature="setup()[pri:0, instance:com.ecommerce.tests.LoginSuiteTest@5136d012]" started-at="2026-02-23T16:40:29 IST" name="setup" finished-at="2026-02-23T16:40:34 IST" duration-ms="5177" status="PASS">
          <reporter-output>
          </reporter-output>
        </test-method> <!-- setup -->
        <test-method signature="testCaseSensitivity()[pri:0, instance:com.ecommerce.tests.LoginSuiteTest@5136d012]" started-at="2026-02-23T16:40:34 IST" name="testCaseSensitivity" finished-at="2026-02-23T16:40:35 IST" duration-ms="554" status="PASS">
          <reporter-output>
          </reporter-output>
        </test-method> <!-- testCaseSensitivity -->
        <test-method is-config="true" signature="teardown()[pri:0, instance:com.ecommerce.tests.LoginSuiteTest@5136d012]" started-at="2026-02-23T16:40:35 IST" name="teardown" finished-at="2026-02-23T16:40:35 IST" duration-ms="235" status="PASS">
          <reporter-output>
          </reporter-output>
        </test-method> <!-- teardown -->
        <test-method is-config="true" signature="setup()[pri:0, instance:com.ecommerce.tests.LoginSuiteTest@5136d012]" started-at="2026-02-23T16:40:35 IST" name="setup" finished-at="2026-02-23T16:40:39 IST" duration-ms="3999" status="PASS">
          <reporter-output>
          </reporter-output>
        </test-method> <!-- setup -->
        <test-method signature="testEmptyEmail()[pri:0, instance:com.ecommerce.tests.LoginSuiteTest@5136d012]" started-at="2026-02-23T16:40:39 IST" name="testEmptyEmail" finished-at="2026-02-23T16:40:39 IST" duration-ms="262" status="PASS">
          <reporter-output>
          </reporter-output>
        </test-method> <!-- testEmptyEmail -->
        <test-method is-config="true" signature="teardown()[pri:0, instance:com.ecommerce.tests.LoginSuiteTest@5136d012]" started-at="2026-02-23T16:40:39 IST" name="teardown" finished-at="2026-02-23T16:40:40 IST" duration-ms="168" status="PASS">
          <reporter-output>
          </reporter-output>
        </test-method> <!-- teardown -->
        <test-method is-config="true" signature="setup()[pri:0, instance:com.ecommerce.tests.LoginSuiteTest@5136d012]" started-at="2026-02-23T16:40:40 IST" name="setup" finished-at="2026-02-23T16:40:43 IST" duration-ms="3765" status="PASS">
          <reporter-output>
          </reporter-output>
        </test-method> <!-- setup -->
        <test-method signature="testEmptyFields()[pri:0, instance:com.ecommerce.tests.LoginSuiteTest@5136d012]" started-at="2026-02-23T16:40:43 IST" name="testEmptyFields" finished-at="2026-02-23T16:40:43 IST" duration-ms="145" status="PASS">
          <reporter-output>
          </reporter-output>
        </test-method> <!-- testEmptyFields -->
        <test-method is-config="true" signature="teardown()[pri:0, instance:com.ecommerce.tests.LoginSuiteTest@5136d012]" started-at="2026-02-23T16:40:43 IST" name="teardown" finished-at="2026-02-23T16:40:44 IST" duration-ms="181" status="PASS">
          <reporter-output>
          </reporter-output>
        </test-method> <!-- teardown -->
        <test-method is-config="true" signature="setup()[pri:0, instance:com.ecommerce.tests.LoginSuiteTest@5136d012]" started-at="2026-02-23T16:40:44 IST" name="setup" finished-at="2026-02-23T16:40:48 IST" duration-ms="4315" status="PASS">
          <reporter-output>
          </reporter-output>
        </test-method> <!-- setup -->
        <test-method signature="testEmptyPassword()[pri:0, instance:com.ecommerce.tests.LoginSuiteTest@5136d012]" started-at="2026-02-23T16:40:48 IST" name="testEmptyPassword" finished-at="2026-02-23T16:40:48 IST" duration-ms="247" status="PASS">
          <reporter-output>
          </reporter-output>
        </test-method> <!-- testEmptyPassword -->
        <test-method is-config="true" signature="teardown()[pri:0, instance:com.ecommerce.tests.LoginSuiteTest@5136d012]" started-at="2026-02-23T16:40:48 IST" name="teardown" finished-at="2026-02-23T16:40:48 IST" duration-ms="215" status="PASS">
          <reporter-output>
          </reporter-output>
        </test-method> <!-- teardown -->
        <test-method is-config="true" signature="setup()[pri:0, instance:com.ecommerce.tests.LoginSuiteTest@5136d012]" started-at="2026-02-23T16:40:48 IST" name="setup" finished-at="2026-02-23T16:40:53 IST" duration-ms="4532" status="PASS">
          <reporter-output>
          </reporter-output>
        </test-method> <!-- setup -->
        <test-method signature="testInvalidEmailFormat()[pri:0, instance:com.ecommerce.tests.LoginSuiteTest@5136d012]" started-at="2026-02-23T16:40:53 IST" name="testInvalidEmailFormat" finished-at="2026-02-23T16:40:53 IST" duration-ms="434" status="PASS">
          <reporter-output>
          </reporter-output>
        </test-method> <!-- testInvalidEmailFormat -->
        <test-method is-config="true" signature="teardown()[pri:0, instance:com.ecommerce.tests.LoginSuiteTest@5136d012]" started-at="2026-02-23T16:40:53 IST" name="teardown" finished-at="2026-02-23T16:40:54 IST" duration-ms="227" status="PASS">
          <reporter-output>
          </reporter-output>
        </test-method> <!-- teardown -->
        <test-method is-config="true" signature="setup()[pri:0, instance:com.ecommerce.tests.LoginSuiteTest@5136d012]" started-at="2026-02-23T16:40:54 IST" name="setup" finished-at="2026-02-23T16:40:58 IST" duration-ms="4761" status="PASS">
          <reporter-output>
          </reporter-output>
        </test-method> <!-- setup -->
        <test-method signature="testInvalidPassword()[pri:0, instance:com.ecommerce.tests.LoginSuiteTest@5136d012]" started-at="2026-02-23T16:40:58 IST" name="testInvalidPassword" finished-at="2026-02-23T16:40:59 IST" duration-ms="377" status="PASS">
          <reporter-output>
          </reporter-output>
        </test-method> <!-- testInvalidPassword -->
        <test-method is-config="true" signature="teardown()[pri:0, instance:com.ecommerce.tests.LoginSuiteTest@5136d012]" started-at="2026-02-23T16:40:59 IST" name="teardown" finished-at="2026-02-23T16:40:59 IST" duration-ms="230" status="PASS">
          <reporter-output>
          </reporter-output>
        </test-method> <!-- teardown -->
        <test-method is-config="true" signature="setup()[pri:0, instance:com.ecommerce.tests.LoginSuiteTest@5136d012]" started-at="2026-02-23T16:40:59 IST" name="setup" finished-at="2026-02-23T16:41:04 IST" duration-ms="4604" status="PASS">
          <reporter-output>
          </reporter-output>
        </test-method> <!-- setup -->
        <test-method signature="testMultipleAttempts()[pri:0, instance:com.ecommerce.tests.LoginSuiteTest@5136d012]" started-at="2026-02-23T16:41:04 IST" name="testMultipleAttempts" finished-at="2026-02-23T16:41:05 IST" duration-ms="1564" status="PASS">
          <reporter-output>
          </reporter-output>
        </test-method> <!-- testMultipleAttempts -->
        <test-method is-config="true" signature="teardown()[pri:0, instance:com.ecommerce.tests.LoginSuiteTest@5136d012]" started-at="2026-02-23T16:41:05 IST" name="teardown" finished-at="2026-02-23T16:41:05 IST" duration-ms="267" status="PASS">
          <reporter-output>
          </reporter-output>
        </test-method> <!-- teardown -->
        <test-method is-config="true" signature="setup()[pri:0, instance:com.ecommerce.tests.LoginSuiteTest@5136d012]" started-at="2026-02-23T16:41:05 IST" name="setup" finished-at="2026-02-23T16:41:11 IST" duration-ms="5043" status="PASS">
          <reporter-output>
          </reporter-output>
        </test-method> <!-- setup -->
        <test-method signature="testPasswordMasked()[pri:0, instance:com.ecommerce.tests.LoginSuiteTest@5136d012]" started-at="2026-02-23T16:41:11 IST" name="testPasswordMasked" finished-at="2026-02-23T16:41:11 IST" duration-ms="37" status="PASS">
          <reporter-output>
          </reporter-output>
        </test-method> <!-- testPasswordMasked -->
        <test-method is-config="true" signature="teardown()[pri:0, instance:com.ecommerce.tests.LoginSuiteTest@5136d012]" started-at="2026-02-23T16:41:11 IST" name="teardown" finished-at="2026-02-23T16:41:11 IST" duration-ms="231" status="PASS">
          <reporter-output>
          </reporter-output>
        </test-method> <!-- teardown -->
        <test-method is-config="true" signature="setup()[pri:0, instance:com.ecommerce.tests.LoginSuiteTest@5136d012]" started-at="2026-02-23T16:41:11 IST" name="setup" finished-at="2026-02-23T16:41:16 IST" duration-ms="4718" status="PASS">
          <reporter-output>
          </reporter-output>
        </test-method> <!-- setup -->
        <test-method signature="testSessionPersistence()[pri:0, instance:com.ecommerce.tests.LoginSuiteTest@5136d012]" started-at="2026-02-23T16:41:16 IST" name="testSessionPersistence" finished-at="2026-02-23T16:41:16 IST" duration-ms="599" status="PASS">
          <reporter-output>
          </reporter-output>
        </test-method> <!-- testSessionPersistence -->
        <test-method is-config="true" signature="teardown()[pri:0, instance:com.ecommerce.tests.LoginSuiteTest@5136d012]" started-at="2026-02-23T16:41:16 IST" name="teardown" finished-at="2026-02-23T16:41:16 IST" duration-ms="286" status="PASS">
          <reporter-output>
          </reporter-output>
        </test-method> <!-- teardown -->
        <test-method is-config="true" signature="setup()[pri:0, instance:com.ecommerce.tests.LoginSuiteTest@5136d012]" started-at="2026-02-23T16:41:16 IST" name="setup" finished-at="2026-02-23T16:41:21 IST" duration-ms="5064" status="PASS">
          <reporter-output>
          </reporter-output>
        </test-method> <!-- setup -->
        <test-method signature="testSqlInjection()[pri:0, instance:com.ecommerce.tests.LoginSuiteTest@5136d012]" started-at="2026-02-23T16:41:21 IST" name="testSqlInjection" finished-at="2026-02-23T16:41:22 IST" duration-ms="341" status="PASS">
          <reporter-output>
          </reporter-output>
        </test-method> <!-- testSqlInjection -->
        <test-method is-config="true" signature="teardown()[pri:0, instance:com.ecommerce.tests.LoginSuiteTest@5136d012]" started-at="2026-02-23T16:41:22 IST" name="teardown" finished-at="2026-02-23T16:41:22 IST" duration-ms="211" status="PASS">
          <reporter-output>
          </reporter-output>
        </test-method> <!-- teardown -->
        <test-method is-config="true" signature="setup()[pri:0, instance:com.ecommerce.tests.LoginSuiteTest@5136d012]" started-at="2026-02-23T16:41:22 IST" name="setup" finished-at="2026-02-23T16:41:27 IST" duration-ms="4731" status="PASS">
          <reporter-output>
          </reporter-output>
        </test-method> <!-- setup -->
        <test-method signature="testUnregisteredEmail()[pri:0, instance:com.ecommerce.tests.LoginSuiteTest@5136d012]" started-at="2026-02-23T16:41:27 IST" name="testUnregisteredEmail" finished-at="2026-02-23T16:41:27 IST" duration-ms="404" status="PASS">
          <reporter-output>
          </reporter-output>
        </test-method> <!-- testUnregisteredEmail -->
        <test-method is-config="true" signature="teardown()[pri:0, instance:com.ecommerce.tests.LoginSuiteTest@5136d012]" started-at="2026-02-23T16:41:27 IST" name="teardown" finished-at="2026-02-23T16:41:27 IST" duration-ms="264" status="PASS">
          <reporter-output>
          </reporter-output>
        </test-method> <!-- teardown -->
        <test-method is-config="true" signature="setup()[pri:0, instance:com.ecommerce.tests.LoginSuiteTest@5136d012]" started-at="2026-02-23T16:41:27 IST" name="setup" finished-at="2026-02-23T16:41:32 IST" duration-ms="4734" status="PASS">
          <reporter-output>
          </reporter-output>
        </test-method> <!-- setup -->
        <test-method signature="testValidLogin()[pri:0, instance:com.ecommerce.tests.LoginSuiteTest@5136d012]" started-at="2026-02-23T16:41:32 IST" name="testValidLogin" finished-at="2026-02-23T16:41:33 IST" duration-ms="1076" status="PASS">
          <reporter-output>
          </reporter-output>
        </test-method> <!-- testValidLogin -->
        <test-method is-config="true" signature="teardown()[pri:0, instance:com.ecommerce.tests.LoginSuiteTest@5136d012]" started-at="2026-02-23T16:41:33 IST" name="teardown" finished-at="2026-02-23T16:41:34 IST" duration-ms="242" status="PASS">
          <reporter-output>
          </reporter-output>
        </test-method> <!-- teardown -->
      </class> <!-- com.ecommerce.tests.LoginSuiteTest -->
    </test> <!-- Surefire test -->
  </suite> <!-- Surefire suite -->
</testng-results>
