<?xml version="1.0" encoding="UTF-8"?>
<testng-results ignored="0" total="60" passed="60" failed="0" skipped="0">
  <reporter-output>
  </reporter-output>
  <suite started-at="2026-02-23T10:41:34 IST" name="Surefire suite" finished-at="2026-02-23T10:46:17 IST" duration-ms="282727">
    <groups>
    </groups>
    <test started-at="2026-02-23T10:41:34 IST" name="Surefire test" finished-at="2026-02-23T10:46:17 IST" duration-ms="282727">
      <class name="com.ecommerce.tests.ProductSearchSuiteTest">
        <test-method is-config="true" signature="setup()[pri:0, instance:com.ecommerce.tests.ProductSearchSuiteTest@79da8dc5]" started-at="2026-02-23T10:44:10 IST" name="setup" finished-at="2026-02-23T10:44:13 IST" duration-ms="3509" status="PASS">
          <reporter-output>
          </reporter-output>
        </test-method> <!-- setup -->
        <test-method signature="testCaseInsensitiveSearch()[pri:0, instance:com.ecommerce.tests.ProductSearchSuiteTest@79da8dc5]" started-at="2026-02-23T10:44:13 IST" name="testCaseInsensitiveSearch" finished-at="2026-02-23T10:44:14 IST" duration-ms="328" status="PASS">
          <reporter-output>
          </reporter-output>
        </test-method> <!-- testCaseInsensitiveSearch -->
        <test-method is-config="true" signature="teardown()[pri:0, instance:com.ecommerce.tests.ProductSearchSuiteTest@79da8dc5]" started-at="2026-02-23T10:44:14 IST" name="teardown" finished-at="2026-02-23T10:44:14 IST" duration-ms="189" status="PASS">
          <reporter-output>
          </reporter-output>
        </test-method> <!-- teardown -->
        <test-method is-config="true" signature="setup()[pri:0, instance:com.ecommerce.tests.ProductSearchSuiteTest@79da8dc5]" started-at="2026-02-23T10:44:14 IST" name="setup" finished-at="2026-02-23T10:44:18 IST" duration-ms="3957" status="PASS">
          <reporter-output>
          </reporter-output>
        </test-method> <!-- setup -->
        <test-method signature="testFilterByCategory()[pri:0, instance:com.ecommerce.tests.ProductSearchSuiteTest@79da8dc5]" started-at="2026-02-23T10:44:18 IST" name="testFilterByCategory" finished-at="2026-02-23T10:44:18 IST" duration-ms="232" status="PASS">
          <reporter-output>
          </reporter-output>
        </test-method> <!-- testFilterByCategory -->
        <test-method is-config="true" signature="teardown()[pri:0, instance:com.ecommerce.tests.ProductSearchSuiteTest@79da8dc5]" started-at="2026-02-23T10:44:18 IST" name="teardown" finished-at="2026-02-23T10:44:18 IST" duration-ms="171" status="PASS">
          <reporter-output>
          </reporter-output>
        </test-method> <!-- teardown -->
        <test-method is-config="true" signature="setup()[pri:0, instance:com.ecommerce.tests.ProductSearchSuiteTest@79da8dc5]" started-at="2026-02-23T10:44:18 IST" name="setup" finished-at="2026-02-23T10:44:22 IST" duration-ms="3773" status="PASS">
          <reporter-output>
          </reporter-output>
        </test-method> <!-- setup -->
        <test-method signature="testFilterByPriceRange()[pri:0, instance:com.ecommerce.tests.ProductSearchSuiteTest@79da8dc5]" started-at="2026-02-23T10:44:22 IST" name="testFilterByPriceRange" finished-at="2026-02-23T10:44:25 IST" duration-ms="2448" status="PASS">
          <reporter-output>
          </reporter-output>
        </test-method> <!-- testFilterByPriceRange -->
        <test-method is-config="true" signature="teardown()[pri:0, instance:com.ecommerce.tests.ProductSearchSuiteTest@79da8dc5]" started-at="2026-02-23T10:44:25 IST" name="teardown" finished-at="2026-02-23T10:44:25 IST" duration-ms="274" status="PASS">
          <reporter-output>
          </reporter-output>
        </test-method> <!-- teardown -->
        <test-method is-config="true" signature="setup()[pri:0, instance:com.ecommerce.tests.ProductSearchSuiteTest@79da8dc5]" started-at="2026-02-23T10:44:25 IST" name="setup" finished-at="2026-02-23T10:44:29 IST" duration-ms="4131" status="PASS">
          <reporter-output>
          </reporter-output>
        </test-method> <!-- setup -->
        <test-method signature="testMaxPriceFilter()[pri:0, instance:com.ecommerce.tests.ProductSearchSuiteTest@79da8dc5]" started-at="2026-02-23T10:44:29 IST" name="testMaxPriceFilter" finished-at="2026-02-23T10:44:29 IST" duration-ms="282" status="PASS">
          <reporter-output>
          </reporter-output>
        </test-method> <!-- testMaxPriceFilter -->
        <test-method is-config="true" signature="teardown()[pri:0, instance:com.ecommerce.tests.ProductSearchSuiteTest@79da8dc5]" started-at="2026-02-23T10:44:29 IST" name="teardown" finished-at="2026-02-23T10:44:29 IST" duration-ms="146" status="PASS">
          <reporter-output>
          </reporter-output>
        </test-method> <!-- teardown -->
        <test-method is-config="true" signature="setup()[pri:0, instance:com.ecommerce.tests.ProductSearchSuiteTest@79da8dc5]" started-at="2026-02-23T10:44:29 IST" name="setup" finished-at="2026-02-23T10:44:33 IST" duration-ms="3550" status="PASS">
          <reporter-output>
          </reporter-output>
        </test-method> <!-- setup -->
        <test-method signature="testMinPriceFilter()[pri:0, instance:com.ecommerce.tests.ProductSearchSuiteTest@79da8dc5]" started-at="2026-02-23T10:44:33 IST" name="testMinPriceFilter" finished-at="2026-02-23T10:44:33 IST" duration-ms="297" status="PASS">
          <reporter-output>
          </reporter-output>
        </test-method> <!-- testMinPriceFilter -->
        <test-method is-config="true" signature="teardown()[pri:0, instance:com.ecommerce.tests.ProductSearchSuiteTest@79da8dc5]" started-at="2026-02-23T10:44:33 IST" name="teardown" finished-at="2026-02-23T10:44:33 IST" duration-ms="165" status="PASS">
          <reporter-output>
          </reporter-output>
        </test-method> <!-- teardown -->
        <test-method is-config="true" signature="setup()[pri:0, instance:com.ecommerce.tests.ProductSearchSuiteTest@79da8dc5]" started-at="2026-02-23T10:44:33 IST" name="setup" finished-at="2026-02-23T10:44:37 IST" duration-ms="3635" status="PASS">
          <reporter-output>
          </reporter-output>
        </test-method> <!-- setup -->
        <test-method signature="testNoResultsFound()[pri:0, instance:com.ecommerce.tests.ProductSearchSuiteTest@79da8dc5]" started-at="2026-02-23T10:44:37 IST" name="testNoResultsFound" finished-at="2026-02-23T10:44:39 IST" duration-ms="2331" status="PASS">
          <reporter-output>
          </reporter-output>
        </test-method> <!-- testNoResultsFound -->
        <test-method is-config="true" signature="teardown()[pri:0, instance:com.ecommerce.tests.ProductSearchSuiteTest@79da8dc5]" started-at="2026-02-23T10:44:39 IST" name="teardown" finished-at="2026-02-23T10:44:40 IST" duration-ms="223" status="PASS">
          <reporter-output>
          </reporter-output>
        </test-method> <!-- teardown -->
        <test-method is-config="true" signature="setup()[pri:0, instance:com.ecommerce.tests.ProductSearchSuiteTest@79da8dc5]" started-at="2026-02-23T10:44:40 IST" name="setup" finished-at="2026-02-23T10:44:44 IST" duration-ms="3906" status="PASS">
          <reporter-output>
          </reporter-output>
        </test-method> <!-- setup -->
        <test-method signature="testSearchByKeyword()[pri:0, instance:com.ecommerce.tests.ProductSearchSuiteTest@79da8dc5]" started-at="2026-02-23T10:44:44 IST" name="testSearchByKeyword" finished-at="2026-02-23T10:44:44 IST" duration-ms="304" status="PASS">
          <reporter-output>
          </reporter-output>
        </test-method> <!-- testSearchByKeyword -->
        <test-method is-config="true" signature="teardown()[pri:0, instance:com.ecommerce.tests.ProductSearchSuiteTest@79da8dc5]" started-at="2026-02-23T10:44:44 IST" name="teardown" finished-at="2026-02-23T10:44:44 IST" duration-ms="142" status="PASS">
          <reporter-output>
          </reporter-output>
        </test-method> <!-- teardown -->
        <test-method is-config="true" signature="setup()[pri:0, instance:com.ecommerce.tests.ProductSearchSuiteTest@79da8dc5]" started-at="2026-02-23T10:44:44 IST" name="setup" finished-at="2026-02-23T10:44:48 IST" duration-ms="3811" status="PASS">
          <reporter-output>
          </reporter-output>
        </test-method> <!-- setup -->
        <test-method signature="testSearchNoResults()[pri:0, instance:com.ecommerce.tests.ProductSearchSuiteTest@79da8dc5]" started-at="2026-02-23T10:44:48 IST" name="testSearchNoResults" finished-at="2026-02-23T10:44:48 IST" duration-ms="301" status="PASS">
          <reporter-output>
          </reporter-output>
        </test-method> <!-- testSearchNoResults -->
        <test-method is-config="true" signature="teardown()[pri:0, instance:com.ecommerce.tests.ProductSearchSuiteTest@79da8dc5]" started-at="2026-02-23T10:44:48 IST" name="teardown" finished-at="2026-02-23T10:44:48 IST" duration-ms="179" status="PASS">
          <reporter-output>
          </reporter-output>
        </test-method> <!-- teardown -->
      </class> <!-- com.ecommerce.tests.ProductSearchSuiteTest -->
      <class name="com.ecommerce.tests.OrderHistoryTest">
        <test-method is-config="true" signature="setup()[pri:0, instance:com.ecommerce.tests.OrderHistoryTest@c333c60]" started-at="2026-02-23T10:42:59 IST" name="setup" finished-at="2026-02-23T10:43:03 IST" duration-ms="4443" status="PASS">
          <reporter-output>
          </reporter-output>
        </test-method> <!-- setup -->
        <test-method signature="testCompletedStatus()[pri:0, instance:com.ecommerce.tests.OrderHistoryTest@c333c60]" started-at="2026-02-23T10:43:03 IST" name="testCompletedStatus" finished-at="2026-02-23T10:43:03 IST" duration-ms="29" status="PASS">
          <reporter-output>
          </reporter-output>
        </test-method> <!-- testCompletedStatus -->
        <test-method is-config="true" signature="tearDown()[pri:0, instance:com.ecommerce.tests.OrderHistoryTest@c333c60]" started-at="2026-02-23T10:43:03 IST" name="tearDown" finished-at="2026-02-23T10:43:04 IST" duration-ms="245" status="PASS">
          <reporter-output>
          </reporter-output>
        </test-method> <!-- tearDown -->
        <test-method is-config="true" signature="setup()[pri:0, instance:com.ecommerce.tests.OrderHistoryTest@c333c60]" started-at="2026-02-23T10:43:04 IST" name="setup" finished-at="2026-02-23T10:43:08 IST" duration-ms="4185" status="PASS">
          <reporter-output>
          </reporter-output>
        </test-method> <!-- setup -->
        <test-method signature="testEachOrderHasPrice()[pri:0, instance:com.ecommerce.tests.OrderHistoryTest@c333c60]" started-at="2026-02-23T10:43:08 IST" name="testEachOrderHasPrice" finished-at="2026-02-23T10:43:08 IST" duration-ms="16" status="PASS">
          <reporter-output>
          </reporter-output>
        </test-method> <!-- testEachOrderHasPrice -->
        <test-method is-config="true" signature="tearDown()[pri:0, instance:com.ecommerce.tests.OrderHistoryTest@c333c60]" started-at="2026-02-23T10:43:08 IST" name="tearDown" finished-at="2026-02-23T10:43:08 IST" duration-ms="161" status="PASS">
          <reporter-output>
          </reporter-output>
        </test-method> <!-- tearDown -->
        <test-method is-config="true" signature="setup()[pri:0, instance:com.ecommerce.tests.OrderHistoryTest@c333c60]" started-at="2026-02-23T10:43:08 IST" name="setup" finished-at="2026-02-23T10:43:13 IST" duration-ms="4697" status="PASS">
          <reporter-output>
          </reporter-output>
        </test-method> <!-- setup -->
        <test-method signature="testEachOrderHasProduct()[pri:0, instance:com.ecommerce.tests.OrderHistoryTest@c333c60]" started-at="2026-02-23T10:43:13 IST" name="testEachOrderHasProduct" finished-at="2026-02-23T10:43:13 IST" duration-ms="24" status="PASS">
          <reporter-output>
          </reporter-output>
        </test-method> <!-- testEachOrderHasProduct -->
        <test-method is-config="true" signature="tearDown()[pri:0, instance:com.ecommerce.tests.OrderHistoryTest@c333c60]" started-at="2026-02-23T10:43:13 IST" name="tearDown" finished-at="2026-02-23T10:43:13 IST" duration-ms="172" status="PASS">
          <reporter-output>
          </reporter-output>
        </test-method> <!-- tearDown -->
        <test-method is-config="true" signature="setup()[pri:0, instance:com.ecommerce.tests.OrderHistoryTest@c333c60]" started-at="2026-02-23T10:43:13 IST" name="setup" finished-at="2026-02-23T10:43:18 IST" duration-ms="5128" status="PASS">
          <reporter-output>
          </reporter-output>
        </test-method> <!-- setup -->
        <test-method signature="testEachOrderHasStatus()[pri:0, instance:com.ecommerce.tests.OrderHistoryTest@c333c60]" started-at="2026-02-23T10:43:18 IST" name="testEachOrderHasStatus" finished-at="2026-02-23T10:43:18 IST" duration-ms="21" status="PASS">
          <reporter-output>
          </reporter-output>
        </test-method> <!-- testEachOrderHasStatus -->
        <test-method is-config="true" signature="tearDown()[pri:0, instance:com.ecommerce.tests.OrderHistoryTest@c333c60]" started-at="2026-02-23T10:43:18 IST" name="tearDown" finished-at="2026-02-23T10:43:18 IST" duration-ms="152" status="PASS">
          <reporter-output>
          </reporter-output>
        </test-method> <!-- tearDown -->
        <test-method is-config="true" signature="setup()[pri:0, instance:com.ecommerce.tests.OrderHistoryTest@c333c60]" started-at="2026-02-23T10:43:18 IST" name="setup" finished-at="2026-02-23T10:43:23 IST" duration-ms="4646" status="PASS">
          <reporter-output>
          </reporter-output>
        </test-method> <!-- setup -->
        <test-method signature="testMultipleOrders()[pri:0, instance:com.ecommerce.tests.OrderHistoryTest@c333c60]" started-at="2026-02-23T10:43:23 IST" name="testMultipleOrders" finished-at="2026-02-23T10:43:23 IST" duration-ms="19" status="PASS">
          <reporter-output>
          </reporter-output>
        </test-method> <!-- testMultipleOrders -->
        <test-method is-config="true" signature="tearDown()[pri:0, instance:com.ecommerce.tests.OrderHistoryTest@c333c60]" started-at="2026-02-23T10:43:23 IST" name="tearDown" finished-at="2026-02-23T10:43:23 IST" duration-ms="169" status="PASS">
          <reporter-output>
          </reporter-output>
        </test-method> <!-- tearDown -->
        <test-method is-config="true" signature="setup()[pri:0, instance:com.ecommerce.tests.OrderHistoryTest@c333c60]" started-at="2026-02-23T10:43:23 IST" name="setup" finished-at="2026-02-23T10:43:28 IST" duration-ms="4603" status="PASS">
          <reporter-output>
          </reporter-output>
        </test-method> <!-- setup -->
        <test-method signature="testNoEmptyFields()[pri:0, instance:com.ecommerce.tests.OrderHistoryTest@c333c60]" started-at="2026-02-23T10:43:28 IST" name="testNoEmptyFields" finished-at="2026-02-23T10:43:28 IST" duration-ms="29" status="PASS">
          <reporter-output>
          </reporter-output>
        </test-method> <!-- testNoEmptyFields -->
        <test-method is-config="true" signature="tearDown()[pri:0, instance:com.ecommerce.tests.OrderHistoryTest@c333c60]" started-at="2026-02-23T10:43:28 IST" name="tearDown" finished-at="2026-02-23T10:43:28 IST" duration-ms="169" status="PASS">
          <reporter-output>
          </reporter-output>
        </test-method> <!-- tearDown -->
        <test-method is-config="true" signature="setup()[pri:0, instance:com.ecommerce.tests.OrderHistoryTest@c333c60]" started-at="2026-02-23T10:43:28 IST" name="setup" finished-at="2026-02-23T10:43:32 IST" duration-ms="4697" status="PASS">
          <reporter-output>
          </reporter-output>
        </test-method> <!-- setup -->
        <test-method signature="testOrderCountConsistency()[pri:0, instance:com.ecommerce.tests.OrderHistoryTest@c333c60]" started-at="2026-02-23T10:43:32 IST" name="testOrderCountConsistency" finished-at="2026-02-23T10:43:33 IST" duration-ms="108" status="PASS">
          <reporter-output>
          </reporter-output>
        </test-method> <!-- testOrderCountConsistency -->
        <test-method is-config="true" signature="tearDown()[pri:0, instance:com.ecommerce.tests.OrderHistoryTest@c333c60]" started-at="2026-02-23T10:43:33 IST" name="tearDown" finished-at="2026-02-23T10:43:33 IST" duration-ms="163" status="PASS">
          <reporter-output>
          </reporter-output>
        </test-method> <!-- tearDown -->
        <test-method is-config="true" signature="setup()[pri:0, instance:com.ecommerce.tests.OrderHistoryTest@c333c60]" started-at="2026-02-23T10:43:33 IST" name="setup" finished-at="2026-02-23T10:43:37 IST" duration-ms="4439" status="PASS">
          <reporter-output>
          </reporter-output>
        </test-method> <!-- setup -->
        <test-method signature="testOrderStatusDisplayed()[pri:0, instance:com.ecommerce.tests.OrderHistoryTest@c333c60]" started-at="2026-02-23T10:43:37 IST" name="testOrderStatusDisplayed" finished-at="2026-02-23T10:43:37 IST" duration-ms="35" status="PASS">
          <reporter-output>
          </reporter-output>
        </test-method> <!-- testOrderStatusDisplayed -->
        <test-method is-config="true" signature="tearDown()[pri:0, instance:com.ecommerce.tests.OrderHistoryTest@c333c60]" started-at="2026-02-23T10:43:37 IST" name="tearDown" finished-at="2026-02-23T10:43:37 IST" duration-ms="152" status="PASS">
          <reporter-output>
          </reporter-output>
        </test-method> <!-- tearDown -->
        <test-method is-config="true" signature="setup()[pri:0, instance:com.ecommerce.tests.OrderHistoryTest@c333c60]" started-at="2026-02-23T10:43:37 IST" name="setup" finished-at="2026-02-23T10:43:42 IST" duration-ms="4339" status="PASS">
          <reporter-output>
          </reporter-output>
        </test-method> <!-- setup -->
        <test-method signature="testOrdersDisplayed()[pri:0, instance:com.ecommerce.tests.OrderHistoryTest@c333c60]" started-at="2026-02-23T10:43:42 IST" name="testOrdersDisplayed" finished-at="2026-02-23T10:43:42 IST" duration-ms="17" status="PASS">
          <reporter-output>
          </reporter-output>
        </test-method> <!-- testOrdersDisplayed -->
        <test-method is-config="true" signature="tearDown()[pri:0, instance:com.ecommerce.tests.OrderHistoryTest@c333c60]" started-at="2026-02-23T10:43:42 IST" name="tearDown" finished-at="2026-02-23T10:43:42 IST" duration-ms="186" status="PASS">
          <reporter-output>
          </reporter-output>
        </test-method> <!-- tearDown -->
        <test-method is-config="true" signature="setup()[pri:0, instance:com.ecommerce.tests.OrderHistoryTest@c333c60]" started-at="2026-02-23T10:43:42 IST" name="setup" finished-at="2026-02-23T10:43:46 IST" duration-ms="4227" status="PASS">
          <reporter-output>
          </reporter-output>
        </test-method> <!-- setup -->
        <test-method signature="testPageStable()[pri:0, instance:com.ecommerce.tests.OrderHistoryTest@c333c60]" started-at="2026-02-23T10:43:46 IST" name="testPageStable" finished-at="2026-02-23T10:43:46 IST" duration-ms="14" status="PASS">
          <reporter-output>
          </reporter-output>
        </test-method> <!-- testPageStable -->
        <test-method is-config="true" signature="tearDown()[pri:0, instance:com.ecommerce.tests.OrderHistoryTest@c333c60]" started-at="2026-02-23T10:43:46 IST" name="tearDown" finished-at="2026-02-23T10:43:46 IST" duration-ms="178" status="PASS">
          <reporter-output>
          </reporter-output>
        </test-method> <!-- tearDown -->
        <test-method is-config="true" signature="setup()[pri:0, instance:com.ecommerce.tests.OrderHistoryTest@c333c60]" started-at="2026-02-23T10:43:46 IST" name="setup" finished-at="2026-02-23T10:43:51 IST" duration-ms="4376" status="PASS">
          <reporter-output>
          </reporter-output>
        </test-method> <!-- setup -->
        <test-method signature="testPendingStatus()[pri:0, instance:com.ecommerce.tests.OrderHistoryTest@c333c60]" started-at="2026-02-23T10:43:51 IST" name="testPendingStatus" finished-at="2026-02-23T10:43:51 IST" duration-ms="21" status="PASS">
          <reporter-output>
          </reporter-output>
        </test-method> <!-- testPendingStatus -->
        <test-method is-config="true" signature="tearDown()[pri:0, instance:com.ecommerce.tests.OrderHistoryTest@c333c60]" started-at="2026-02-23T10:43:51 IST" name="tearDown" finished-at="2026-02-23T10:43:51 IST" duration-ms="162" status="PASS">
          <reporter-output>
          </reporter-output>
        </test-method> <!-- tearDown -->
        <test-method is-config="true" signature="setup()[pri:0, instance:com.ecommerce.tests.OrderHistoryTest@c333c60]" started-at="2026-02-23T10:43:51 IST" name="setup" finished-at="2026-02-23T10:43:56 IST" duration-ms="4600" status="PASS">
          <reporter-output>
          </reporter-output>
        </test-method> <!-- setup -->
        <test-method signature="testPriceFormat()[pri:0, instance:com.ecommerce.tests.OrderHistoryTest@c333c60]" started-at="2026-02-23T10:43:56 IST" name="testPriceFormat" finished-at="2026-02-23T10:43:56 IST" duration-ms="28" status="PASS">
          <reporter-output>
          </reporter-output>
        </test-method> <!-- testPriceFormat -->
        <test-method is-config="true" signature="tearDown()[pri:0, instance:com.ecommerce.tests.OrderHistoryTest@c333c60]" started-at="2026-02-23T10:43:56 IST" name="tearDown" finished-at="2026-02-23T10:43:56 IST" duration-ms="168" status="PASS">
          <reporter-output>
          </reporter-output>
        </test-method> <!-- tearDown -->
        <test-method is-config="true" signature="setup()[pri:0, instance:com.ecommerce.tests.OrderHistoryTest@c333c60]" started-at="2026-02-23T10:43:56 IST" name="setup" finished-at="2026-02-23T10:44:00 IST" duration-ms="4347" status="PASS">
          <reporter-output>
          </reporter-output>
        </test-method> <!-- setup -->
        <test-method signature="testProductNamesDisplayed()[pri:0, instance:com.ecommerce.tests.OrderHistoryTest@c333c60]" started-at="2026-02-23T10:44:00 IST" name="testProductNamesDisplayed" finished-at="2026-02-23T10:44:00 IST" duration-ms="21" status="PASS">
          <reporter-output>
          </reporter-output>
        </test-method> <!-- testProductNamesDisplayed -->
        <test-method is-config="true" signature="tearDown()[pri:0, instance:com.ecommerce.tests.OrderHistoryTest@c333c60]" started-at="2026-02-23T10:44:00 IST" name="tearDown" finished-at="2026-02-23T10:44:00 IST" duration-ms="172" status="PASS">
          <reporter-output>
          </reporter-output>
        </test-method> <!-- tearDown -->
        <test-method is-config="true" signature="setup()[pri:0, instance:com.ecommerce.tests.OrderHistoryTest@c333c60]" started-at="2026-02-23T10:44:00 IST" name="setup" finished-at="2026-02-23T10:44:05 IST" duration-ms="4758" status="PASS">
          <reporter-output>
          </reporter-output>
        </test-method> <!-- setup -->
        <test-method signature="testScrollOrders()[pri:0, instance:com.ecommerce.tests.OrderHistoryTest@c333c60]" started-at="2026-02-23T10:44:05 IST" name="testScrollOrders" finished-at="2026-02-23T10:44:05 IST" duration-ms="18" status="PASS">
          <reporter-output>
          </reporter-output>
        </test-method> <!-- testScrollOrders -->
        <test-method is-config="true" signature="tearDown()[pri:0, instance:com.ecommerce.tests.OrderHistoryTest@c333c60]" started-at="2026-02-23T10:44:05 IST" name="tearDown" finished-at="2026-02-23T10:44:05 IST" duration-ms="171" status="PASS">
          <reporter-output>
          </reporter-output>
        </test-method> <!-- tearDown -->
        <test-method is-config="true" signature="setup()[pri:0, instance:com.ecommerce.tests.OrderHistoryTest@c333c60]" started-at="2026-02-23T10:44:05 IST" name="setup" finished-at="2026-02-23T10:44:10 IST" duration-ms="4482" status="PASS">
          <reporter-output>
          </reporter-output>
        </test-method> <!-- setup -->
        <test-method signature="testTotalPriceDisplayed()[pri:0, instance:com.ecommerce.tests.OrderHistoryTest@c333c60]" started-at="2026-02-23T10:44:10 IST" name="testTotalPriceDisplayed" finished-at="2026-02-23T10:44:10 IST" duration-ms="23" status="PASS">
          <reporter-output>
          </reporter-output>
        </test-method> <!-- testTotalPriceDisplayed -->
        <test-method is-config="true" signature="tearDown()[pri:0, instance:com.ecommerce.tests.OrderHistoryTest@c333c60]" started-at="2026-02-23T10:44:10 IST" name="tearDown" finished-at="2026-02-23T10:44:10 IST" duration-ms="167" status="PASS">
          <reporter-output>
          </reporter-output>
        </test-method> <!-- tearDown -->
      </class> <!-- com.ecommerce.tests.OrderHistoryTest -->
      <class name="com.ecommerce.tests.PurchaseFlowSuiteTest">
        <test-method is-config="true" signature="setup()[pri:0, instance:com.ecommerce.tests.PurchaseFlowSuiteTest@1eb5174b]" started-at="2026-02-23T10:44:48 IST" name="setup" finished-at="2026-02-23T10:44:52 IST" duration-ms="3631" status="PASS">
          <reporter-output>
          </reporter-output>
        </test-method> <!-- setup -->
        <test-method signature="testCheckoutProtectedRoute()[pri:0, instance:com.ecommerce.tests.PurchaseFlowSuiteTest@1eb5174b]" started-at="2026-02-23T10:44:52 IST" name="testCheckoutProtectedRoute" finished-at="2026-02-23T10:44:52 IST" duration-ms="145" status="PASS">
          <reporter-output>
          </reporter-output>
        </test-method> <!-- testCheckoutProtectedRoute -->
        <test-method is-config="true" signature="tearDown()[pri:0, instance:com.ecommerce.tests.PurchaseFlowSuiteTest@1eb5174b]" started-at="2026-02-23T10:44:52 IST" name="tearDown" finished-at="2026-02-23T10:44:52 IST" duration-ms="167" status="PASS">
          <reporter-output>
          </reporter-output>
        </test-method> <!-- tearDown -->
        <test-method is-config="true" signature="setup()[pri:0, instance:com.ecommerce.tests.PurchaseFlowSuiteTest@1eb5174b]" started-at="2026-02-23T10:44:52 IST" name="setup" finished-at="2026-02-23T10:44:55 IST" duration-ms="3206" status="PASS">
          <reporter-output>
          </reporter-output>
        </test-method> <!-- setup -->
        <test-method signature="testCheckoutRequiresLogin()[pri:0, instance:com.ecommerce.tests.PurchaseFlowSuiteTest@1eb5174b]" started-at="2026-02-23T10:44:55 IST" name="testCheckoutRequiresLogin" finished-at="2026-02-23T10:44:56 IST" duration-ms="320" status="PASS">
          <reporter-output>
          </reporter-output>
        </test-method> <!-- testCheckoutRequiresLogin -->
        <test-method is-config="true" signature="tearDown()[pri:0, instance:com.ecommerce.tests.PurchaseFlowSuiteTest@1eb5174b]" started-at="2026-02-23T10:44:56 IST" name="tearDown" finished-at="2026-02-23T10:44:56 IST" duration-ms="187" status="PASS">
          <reporter-output>
          </reporter-output>
        </test-method> <!-- tearDown -->
        <test-method is-config="true" signature="setup()[pri:0, instance:com.ecommerce.tests.PurchaseFlowSuiteTest@1eb5174b]" started-at="2026-02-23T10:44:56 IST" name="setup" finished-at="2026-02-23T10:45:00 IST" duration-ms="3562" status="PASS">
          <reporter-output>
          </reporter-output>
        </test-method> <!-- setup -->
        <test-method signature="testHomePageLoads()[pri:0, instance:com.ecommerce.tests.PurchaseFlowSuiteTest@1eb5174b]" started-at="2026-02-23T10:45:00 IST" name="testHomePageLoads" finished-at="2026-02-23T10:45:00 IST" duration-ms="62" status="PASS">
          <reporter-output>
          </reporter-output>
        </test-method> <!-- testHomePageLoads -->
        <test-method is-config="true" signature="tearDown()[pri:0, instance:com.ecommerce.tests.PurchaseFlowSuiteTest@1eb5174b]" started-at="2026-02-23T10:45:00 IST" name="tearDown" finished-at="2026-02-23T10:45:00 IST" duration-ms="141" status="PASS">
          <reporter-output>
          </reporter-output>
        </test-method> <!-- tearDown -->
        <test-method is-config="true" signature="setup()[pri:0, instance:com.ecommerce.tests.PurchaseFlowSuiteTest@1eb5174b]" started-at="2026-02-23T10:45:00 IST" name="setup" finished-at="2026-02-23T10:45:04 IST" duration-ms="4107" status="PASS">
          <reporter-output>
          </reporter-output>
        </test-method> <!-- setup -->
        <test-method signature="testLoginFieldsVisible()[pri:0, instance:com.ecommerce.tests.PurchaseFlowSuiteTest@1eb5174b]" started-at="2026-02-23T10:45:04 IST" name="testLoginFieldsVisible" finished-at="2026-02-23T10:45:04 IST" duration-ms="212" status="PASS">
          <reporter-output>
          </reporter-output>
        </test-method> <!-- testLoginFieldsVisible -->
        <test-method is-config="true" signature="tearDown()[pri:0, instance:com.ecommerce.tests.PurchaseFlowSuiteTest@1eb5174b]" started-at="2026-02-23T10:45:04 IST" name="tearDown" finished-at="2026-02-23T10:45:04 IST" duration-ms="153" status="PASS">
          <reporter-output>
          </reporter-output>
        </test-method> <!-- tearDown -->
        <test-method is-config="true" signature="setup()[pri:0, instance:com.ecommerce.tests.PurchaseFlowSuiteTest@1eb5174b]" started-at="2026-02-23T10:45:04 IST" name="setup" finished-at="2026-02-23T10:45:08 IST" duration-ms="3923" status="PASS">
          <reporter-output>
          </reporter-output>
        </test-method> <!-- setup -->
        <test-method signature="testLoginLinkVisible()[pri:0, instance:com.ecommerce.tests.PurchaseFlowSuiteTest@1eb5174b]" started-at="2026-02-23T10:45:08 IST" name="testLoginLinkVisible" finished-at="2026-02-23T10:45:08 IST" duration-ms="102" status="PASS">
          <reporter-output>
          </reporter-output>
        </test-method> <!-- testLoginLinkVisible -->
        <test-method is-config="true" signature="tearDown()[pri:0, instance:com.ecommerce.tests.PurchaseFlowSuiteTest@1eb5174b]" started-at="2026-02-23T10:45:08 IST" name="tearDown" finished-at="2026-02-23T10:45:08 IST" duration-ms="146" status="PASS">
          <reporter-output>
          </reporter-output>
        </test-method> <!-- tearDown -->
        <test-method is-config="true" signature="setup()[pri:0, instance:com.ecommerce.tests.PurchaseFlowSuiteTest@1eb5174b]" started-at="2026-02-23T10:45:08 IST" name="setup" finished-at="2026-02-23T10:45:12 IST" duration-ms="3861" status="PASS">
          <reporter-output>
          </reporter-output>
        </test-method> <!-- setup -->
        <test-method signature="testLoginPageLoads()[pri:0, instance:com.ecommerce.tests.PurchaseFlowSuiteTest@1eb5174b]" started-at="2026-02-23T10:45:12 IST" name="testLoginPageLoads" finished-at="2026-02-23T10:45:12 IST" duration-ms="152" status="PASS">
          <reporter-output>
          </reporter-output>
        </test-method> <!-- testLoginPageLoads -->
        <test-method is-config="true" signature="tearDown()[pri:0, instance:com.ecommerce.tests.PurchaseFlowSuiteTest@1eb5174b]" started-at="2026-02-23T10:45:12 IST" name="tearDown" finished-at="2026-02-23T10:45:13 IST" duration-ms="157" status="PASS">
          <reporter-output>
          </reporter-output>
        </test-method> <!-- tearDown -->
        <test-method is-config="true" signature="setup()[pri:0, instance:com.ecommerce.tests.PurchaseFlowSuiteTest@1eb5174b]" started-at="2026-02-23T10:45:13 IST" name="setup" finished-at="2026-02-23T10:45:16 IST" duration-ms="3748" status="PASS">
          <reporter-output>
          </reporter-output>
        </test-method> <!-- setup -->
        <test-method signature="testNavbarVisible()[pri:0, instance:com.ecommerce.tests.PurchaseFlowSuiteTest@1eb5174b]" started-at="2026-02-23T10:45:16 IST" name="testNavbarVisible" finished-at="2026-02-23T10:45:16 IST" duration-ms="101" status="PASS">
          <reporter-output>
          </reporter-output>
        </test-method> <!-- testNavbarVisible -->
        <test-method is-config="true" signature="tearDown()[pri:0, instance:com.ecommerce.tests.PurchaseFlowSuiteTest@1eb5174b]" started-at="2026-02-23T10:45:16 IST" name="tearDown" finished-at="2026-02-23T10:45:17 IST" duration-ms="148" status="PASS">
          <reporter-output>
          </reporter-output>
        </test-method> <!-- tearDown -->
        <test-method is-config="true" signature="setup()[pri:0, instance:com.ecommerce.tests.PurchaseFlowSuiteTest@1eb5174b]" started-at="2026-02-23T10:45:17 IST" name="setup" finished-at="2026-02-23T10:45:20 IST" duration-ms="3821" status="PASS">
          <reporter-output>
          </reporter-output>
        </test-method> <!-- setup -->
        <test-method signature="testNavigateToLoginPage()[pri:0, instance:com.ecommerce.tests.PurchaseFlowSuiteTest@1eb5174b]" started-at="2026-02-23T10:45:20 IST" name="testNavigateToLoginPage" finished-at="2026-02-23T10:45:21 IST" duration-ms="179" status="PASS">
          <reporter-output>
          </reporter-output>
        </test-method> <!-- testNavigateToLoginPage -->
        <test-method is-config="true" signature="tearDown()[pri:0, instance:com.ecommerce.tests.PurchaseFlowSuiteTest@1eb5174b]" started-at="2026-02-23T10:45:21 IST" name="tearDown" finished-at="2026-02-23T10:45:21 IST" duration-ms="147" status="PASS">
          <reporter-output>
          </reporter-output>
        </test-method> <!-- tearDown -->
        <test-method is-config="true" signature="setup()[pri:0, instance:com.ecommerce.tests.PurchaseFlowSuiteTest@1eb5174b]" started-at="2026-02-23T10:45:21 IST" name="setup" finished-at="2026-02-23T10:45:25 IST" duration-ms="3825" status="PASS">
          <reporter-output>
          </reporter-output>
        </test-method> <!-- setup -->
        <test-method signature="testNoBrokenHomeRoute()[pri:0, instance:com.ecommerce.tests.PurchaseFlowSuiteTest@1eb5174b]" started-at="2026-02-23T10:45:25 IST" name="testNoBrokenHomeRoute" finished-at="2026-02-23T10:45:25 IST" duration-ms="105" status="PASS">
          <reporter-output>
          </reporter-output>
        </test-method> <!-- testNoBrokenHomeRoute -->
        <test-method is-config="true" signature="tearDown()[pri:0, instance:com.ecommerce.tests.PurchaseFlowSuiteTest@1eb5174b]" started-at="2026-02-23T10:45:25 IST" name="tearDown" finished-at="2026-02-23T10:45:25 IST" duration-ms="164" status="PASS">
          <reporter-output>
          </reporter-output>
        </test-method> <!-- tearDown -->
        <test-method is-config="true" signature="setup()[pri:0, instance:com.ecommerce.tests.PurchaseFlowSuiteTest@1eb5174b]" started-at="2026-02-23T10:45:25 IST" name="setup" finished-at="2026-02-23T10:45:29 IST" duration-ms="3794" status="PASS">
          <reporter-output>
          </reporter-output>
        </test-method> <!-- setup -->
        <test-method signature="testPageTitleNotEmpty()[pri:0, instance:com.ecommerce.tests.PurchaseFlowSuiteTest@1eb5174b]" started-at="2026-02-23T10:45:29 IST" name="testPageTitleNotEmpty" finished-at="2026-02-23T10:45:29 IST" duration-ms="56" status="PASS">
          <reporter-output>
          </reporter-output>
        </test-method> <!-- testPageTitleNotEmpty -->
        <test-method is-config="true" signature="tearDown()[pri:0, instance:com.ecommerce.tests.PurchaseFlowSuiteTest@1eb5174b]" started-at="2026-02-23T10:45:29 IST" name="tearDown" finished-at="2026-02-23T10:45:29 IST" duration-ms="152" status="PASS">
          <reporter-output>
          </reporter-output>
        </test-method> <!-- tearDown -->
        <test-method is-config="true" signature="setup()[pri:0, instance:com.ecommerce.tests.PurchaseFlowSuiteTest@1eb5174b]" started-at="2026-02-23T10:45:29 IST" name="setup" finished-at="2026-02-23T10:45:33 IST" duration-ms="4278" status="PASS">
          <reporter-output>
          </reporter-output>
        </test-method> <!-- setup -->
        <test-method signature="testProductsPageAccessibleAfterLogin()[pri:0, instance:com.ecommerce.tests.PurchaseFlowSuiteTest@1eb5174b]" started-at="2026-02-23T10:45:33 IST" name="testProductsPageAccessibleAfterLogin" finished-at="2026-02-23T10:45:34 IST" duration-ms="700" status="PASS">
          <reporter-output>
          </reporter-output>
        </test-method> <!-- testProductsPageAccessibleAfterLogin -->
        <test-method is-config="true" signature="tearDown()[pri:0, instance:com.ecommerce.tests.PurchaseFlowSuiteTest@1eb5174b]" started-at="2026-02-23T10:45:34 IST" name="tearDown" finished-at="2026-02-23T10:45:34 IST" duration-ms="195" status="PASS">
          <reporter-output>
          </reporter-output>
        </test-method> <!-- tearDown -->
        <test-method is-config="true" signature="setup()[pri:0, instance:com.ecommerce.tests.PurchaseFlowSuiteTest@1eb5174b]" started-at="2026-02-23T10:45:34 IST" name="setup" finished-at="2026-02-23T10:45:38 IST" duration-ms="3616" status="PASS">
          <reporter-output>
          </reporter-output>
        </test-method> <!-- setup -->
        <test-method signature="testProductsSectionVisibleAfterLogin()[pri:0, instance:com.ecommerce.tests.PurchaseFlowSuiteTest@1eb5174b]" started-at="2026-02-23T10:45:38 IST" name="testProductsSectionVisibleAfterLogin" finished-at="2026-02-23T10:45:38 IST" duration-ms="589" status="PASS">
          <reporter-output>
          </reporter-output>
        </test-method> <!-- testProductsSectionVisibleAfterLogin -->
        <test-method is-config="true" signature="tearDown()[pri:0, instance:com.ecommerce.tests.PurchaseFlowSuiteTest@1eb5174b]" started-at="2026-02-23T10:45:38 IST" name="tearDown" finished-at="2026-02-23T10:45:38 IST" duration-ms="162" status="PASS">
          <reporter-output>
          </reporter-output>
        </test-method> <!-- tearDown -->
        <test-method is-config="true" signature="setup()[pri:0, instance:com.ecommerce.tests.PurchaseFlowSuiteTest@1eb5174b]" started-at="2026-02-23T10:45:38 IST" name="setup" finished-at="2026-02-23T10:45:42 IST" duration-ms="3663" status="PASS">
          <reporter-output>
          </reporter-output>
        </test-method> <!-- setup -->
        <test-method signature="testSearchFieldPresent()[pri:0, instance:com.ecommerce.tests.PurchaseFlowSuiteTest@1eb5174b]" started-at="2026-02-23T10:45:42 IST" name="testSearchFieldPresent" finished-at="2026-02-23T10:45:42 IST" duration-ms="104" status="PASS">
          <reporter-output>
          </reporter-output>
        </test-method> <!-- testSearchFieldPresent -->
        <test-method is-config="true" signature="tearDown()[pri:0, instance:com.ecommerce.tests.PurchaseFlowSuiteTest@1eb5174b]" started-at="2026-02-23T10:45:42 IST" name="tearDown" finished-at="2026-02-23T10:45:42 IST" duration-ms="157" status="PASS">
          <reporter-output>
          </reporter-output>
        </test-method> <!-- tearDown -->
        <test-method is-config="true" signature="setup()[pri:0, instance:com.ecommerce.tests.PurchaseFlowSuiteTest@1eb5174b]" started-at="2026-02-23T10:45:42 IST" name="setup" finished-at="2026-02-23T10:45:46 IST" duration-ms="3884" status="PASS">
          <reporter-output>
          </reporter-output>
        </test-method> <!-- setup -->
        <test-method signature="testSearchProduct()[pri:0, instance:com.ecommerce.tests.PurchaseFlowSuiteTest@1eb5174b]" started-at="2026-02-23T10:45:46 IST" name="testSearchProduct" finished-at="2026-02-23T10:45:47 IST" duration-ms="347" status="PASS">
          <reporter-output>
          </reporter-output>
        </test-method> <!-- testSearchProduct -->
        <test-method is-config="true" signature="tearDown()[pri:0, instance:com.ecommerce.tests.PurchaseFlowSuiteTest@1eb5174b]" started-at="2026-02-23T10:45:47 IST" name="tearDown" finished-at="2026-02-23T10:45:47 IST" duration-ms="189" status="PASS">
          <reporter-output>
          </reporter-output>
        </test-method> <!-- tearDown -->
      </class> <!-- com.ecommerce.tests.PurchaseFlowSuiteTest -->
      <class name="com.ecommerce.tests.ShoppingCartTest">
        <test-method is-config="true" signature="setup()[pri:0, instance:com.ecommerce.tests.ShoppingCartTest@67080771]" started-at="2026-02-23T10:45:47 IST" name="setup" finished-at="2026-02-23T10:45:50 IST" duration-ms="3689" status="PASS">
          <reporter-output>
          </reporter-output>
        </test-method> <!-- setup -->
        <test-method signature="testAddMultipleItems()[pri:0, instance:com.ecommerce.tests.ShoppingCartTest@67080771]" started-at="2026-02-23T10:45:50 IST" name="testAddMultipleItems" finished-at="2026-02-23T10:45:51 IST" duration-ms="318" status="PASS">
          <reporter-output>
          </reporter-output>
        </test-method> <!-- testAddMultipleItems -->
        <test-method is-config="true" signature="teardown()[pri:0, instance:com.ecommerce.tests.ShoppingCartTest@67080771]" started-at="2026-02-23T10:45:51 IST" name="teardown" finished-at="2026-02-23T10:45:51 IST" duration-ms="169" status="PASS">
          <reporter-output>
          </reporter-output>
        </test-method> <!-- teardown -->
        <test-method is-config="true" signature="setup()[pri:0, instance:com.ecommerce.tests.ShoppingCartTest@67080771]" started-at="2026-02-23T10:45:51 IST" name="setup" finished-at="2026-02-23T10:45:55 IST" duration-ms="3739" status="PASS">
          <reporter-output>
          </reporter-output>
        </test-method> <!-- setup -->
        <test-method signature="testAddSameItemTwice()[pri:0, instance:com.ecommerce.tests.ShoppingCartTest@67080771]" started-at="2026-02-23T10:45:55 IST" name="testAddSameItemTwice" finished-at="2026-02-23T10:45:55 IST" duration-ms="220" status="PASS">
          <reporter-output>
          </reporter-output>
        </test-method> <!-- testAddSameItemTwice -->
        <test-method is-config="true" signature="teardown()[pri:0, instance:com.ecommerce.tests.ShoppingCartTest@67080771]" started-at="2026-02-23T10:45:55 IST" name="teardown" finished-at="2026-02-23T10:45:55 IST" duration-ms="169" status="PASS">
          <reporter-output>
          </reporter-output>
        </test-method> <!-- teardown -->
        <test-method is-config="true" signature="setup()[pri:0, instance:com.ecommerce.tests.ShoppingCartTest@67080771]" started-at="2026-02-23T10:45:55 IST" name="setup" finished-at="2026-02-23T10:45:59 IST" duration-ms="4217" status="PASS">
          <reporter-output>
          </reporter-output>
        </test-method> <!-- setup -->
        <test-method signature="testAddSingleItem()[pri:0, instance:com.ecommerce.tests.ShoppingCartTest@67080771]" started-at="2026-02-23T10:45:59 IST" name="testAddSingleItem" finished-at="2026-02-23T10:45:59 IST" duration-ms="160" status="PASS">
          <reporter-output>
          </reporter-output>
        </test-method> <!-- testAddSingleItem -->
        <test-method is-config="true" signature="teardown()[pri:0, instance:com.ecommerce.tests.ShoppingCartTest@67080771]" started-at="2026-02-23T10:45:59 IST" name="teardown" finished-at="2026-02-23T10:46:00 IST" duration-ms="166" status="PASS">
          <reporter-output>
          </reporter-output>
        </test-method> <!-- teardown -->
        <test-method is-config="true" signature="setup()[pri:0, instance:com.ecommerce.tests.ShoppingCartTest@67080771]" started-at="2026-02-23T10:46:00 IST" name="setup" finished-at="2026-02-23T10:46:03 IST" duration-ms="3651" status="PASS">
          <reporter-output>
          </reporter-output>
        </test-method> <!-- setup -->
        <test-method signature="testCartSyncBackend()[pri:0, instance:com.ecommerce.tests.ShoppingCartTest@67080771]" started-at="2026-02-23T10:46:03 IST" name="testCartSyncBackend" finished-at="2026-02-23T10:46:03 IST" duration-ms="144" status="PASS">
          <reporter-output>
          </reporter-output>
        </test-method> <!-- testCartSyncBackend -->
        <test-method is-config="true" signature="teardown()[pri:0, instance:com.ecommerce.tests.ShoppingCartTest@67080771]" started-at="2026-02-23T10:46:03 IST" name="teardown" finished-at="2026-02-23T10:46:04 IST" duration-ms="145" status="PASS">
          <reporter-output>
          </reporter-output>
        </test-method> <!-- teardown -->
        <test-method is-config="true" signature="setup()[pri:0, instance:com.ecommerce.tests.ShoppingCartTest@67080771]" started-at="2026-02-23T10:46:04 IST" name="setup" finished-at="2026-02-23T10:46:07 IST" duration-ms="3819" status="PASS">
          <reporter-output>
          </reporter-output>
        </test-method> <!-- setup -->
        <test-method signature="testEmptyCart()[pri:0, instance:com.ecommerce.tests.ShoppingCartTest@67080771]" started-at="2026-02-23T10:46:07 IST" name="testEmptyCart" finished-at="2026-02-23T10:46:07 IST" duration-ms="51" status="PASS">
          <reporter-output>
          </reporter-output>
        </test-method> <!-- testEmptyCart -->
        <test-method is-config="true" signature="teardown()[pri:0, instance:com.ecommerce.tests.ShoppingCartTest@67080771]" started-at="2026-02-23T10:46:07 IST" name="teardown" finished-at="2026-02-23T10:46:08 IST" duration-ms="142" status="PASS">
          <reporter-output>
          </reporter-output>
        </test-method> <!-- teardown -->
        <test-method is-config="true" signature="setup()[pri:0, instance:com.ecommerce.tests.ShoppingCartTest@67080771]" started-at="2026-02-23T10:46:08 IST" name="setup" finished-at="2026-02-23T10:46:11 IST" duration-ms="3746" status="PASS">
          <reporter-output>
          </reporter-output>
        </test-method> <!-- setup -->
        <test-method signature="testInvalidQuantity()[pri:0, instance:com.ecommerce.tests.ShoppingCartTest@67080771]" started-at="2026-02-23T10:46:11 IST" name="testInvalidQuantity" finished-at="2026-02-23T10:46:12 IST" duration-ms="492" status="PASS">
          <reporter-output>
          </reporter-output>
        </test-method> <!-- testInvalidQuantity -->
        <test-method is-config="true" signature="teardown()[pri:0, instance:com.ecommerce.tests.ShoppingCartTest@67080771]" started-at="2026-02-23T10:46:12 IST" name="teardown" finished-at="2026-02-23T10:46:12 IST" duration-ms="180" status="PASS">
          <reporter-output>
          </reporter-output>
        </test-method> <!-- teardown -->
        <test-method is-config="true" signature="setup()[pri:0, instance:com.ecommerce.tests.ShoppingCartTest@67080771]" started-at="2026-02-23T10:46:12 IST" name="setup" finished-at="2026-02-23T10:46:16 IST" duration-ms="3909" status="PASS">
          <reporter-output>
          </reporter-output>
        </test-method> <!-- setup -->
        <test-method signature="testUpdateQuantity()[pri:0, instance:com.ecommerce.tests.ShoppingCartTest@67080771]" started-at="2026-02-23T10:46:16 IST" name="testUpdateQuantity" finished-at="2026-02-23T10:46:16 IST" duration-ms="489" status="PASS">
          <reporter-output>
          </reporter-output>
        </test-method> <!-- testUpdateQuantity -->
        <test-method is-config="true" signature="teardown()[pri:0, instance:com.ecommerce.tests.ShoppingCartTest@67080771]" started-at="2026-02-23T10:46:16 IST" name="teardown" finished-at="2026-02-23T10:46:17 IST" duration-ms="144" status="PASS">
          <reporter-output>
          </reporter-output>
        </test-method> <!-- teardown -->
      </class> <!-- com.ecommerce.tests.ShoppingCartTest -->
      <class name="com.ecommerce.tests.LoginTest">
        <test-method signature="openWebsite()[pri:0, instance:com.ecommerce.tests.LoginTest@11bd0f3b]" started-at="2026-02-23T10:42:35 IST" name="openWebsite" finished-at="2026-02-23T10:42:41 IST" duration-ms="5694" status="PASS">
          <reporter-output>
          </reporter-output>
        </test-method> <!-- openWebsite -->
        <test-method signature="testInvalidLogin()[pri:0, instance:com.ecommerce.tests.LoginTest@11bd0f3b]" started-at="2026-02-23T10:42:41 IST" name="testInvalidLogin" finished-at="2026-02-23T10:42:46 IST" duration-ms="4624" status="PASS">
          <reporter-output>
          </reporter-output>
        </test-method> <!-- testInvalidLogin -->
        <test-method signature="testValidLogin()[pri:0, instance:com.ecommerce.tests.LoginTest@11bd0f3b]" started-at="2026-02-23T10:42:46 IST" name="testValidLogin" finished-at="2026-02-23T10:42:51 IST" duration-ms="4880" status="PASS">
          <reporter-output>
          </reporter-output>
        </test-method> <!-- testValidLogin -->
        <test-method signature="testValidLogin1()[pri:0, instance:com.ecommerce.tests.LoginTest@11bd0f3b]" started-at="2026-02-23T10:42:51 IST" name="testValidLogin1" finished-at="2026-02-23T10:42:59 IST" duration-ms="8263" status="PASS">
          <reporter-output>
          </reporter-output>
        </test-method> <!-- testValidLogin1 -->
      </class> <!-- com.ecommerce.tests.LoginTest -->
      <class name="com.ecommerce.tests.LoginSuiteTest">
        <test-method is-config="true" signature="setup()[pri:0, instance:com.ecommerce.tests.LoginSuiteTest@5136d012]" started-at="2026-02-23T10:41:34 IST" name="setup" finished-at="2026-02-23T10:41:41 IST" duration-ms="7497" status="PASS">
          <reporter-output>
          </reporter-output>
        </test-method> <!-- setup -->
        <test-method signature="testCaseSensitivity()[pri:0, instance:com.ecommerce.tests.LoginSuiteTest@5136d012]" started-at="2026-02-23T10:41:42 IST" name="testCaseSensitivity" finished-at="2026-02-23T10:41:42 IST" duration-ms="527" status="PASS">
          <reporter-output>
          </reporter-output>
        </test-method> <!-- testCaseSensitivity -->
        <test-method is-config="true" signature="teardown()[pri:0, instance:com.ecommerce.tests.LoginSuiteTest@5136d012]" started-at="2026-02-23T10:41:42 IST" name="teardown" finished-at="2026-02-23T10:41:42 IST" duration-ms="198" status="PASS">
          <reporter-output>
          </reporter-output>
        </test-method> <!-- teardown -->
        <test-method is-config="true" signature="setup()[pri:0, instance:com.ecommerce.tests.LoginSuiteTest@5136d012]" started-at="2026-02-23T10:41:42 IST" name="setup" finished-at="2026-02-23T10:41:47 IST" duration-ms="4244" status="PASS">
          <reporter-output>
          </reporter-output>
        </test-method> <!-- setup -->
        <test-method signature="testEmptyEmail()[pri:0, instance:com.ecommerce.tests.LoginSuiteTest@5136d012]" started-at="2026-02-23T10:41:47 IST" name="testEmptyEmail" finished-at="2026-02-23T10:41:47 IST" duration-ms="224" status="PASS">
          <reporter-output>
          </reporter-output>
        </test-method> <!-- testEmptyEmail -->
        <test-method is-config="true" signature="teardown()[pri:0, instance:com.ecommerce.tests.LoginSuiteTest@5136d012]" started-at="2026-02-23T10:41:47 IST" name="teardown" finished-at="2026-02-23T10:41:47 IST" duration-ms="176" status="PASS">
          <reporter-output>
          </reporter-output>
        </test-method> <!-- teardown -->
        <test-method is-config="true" signature="setup()[pri:0, instance:com.ecommerce.tests.LoginSuiteTest@5136d012]" started-at="2026-02-23T10:41:47 IST" name="setup" finished-at="2026-02-23T10:41:51 IST" duration-ms="4162" status="PASS">
          <reporter-output>
          </reporter-output>
        </test-method> <!-- setup -->
        <test-method signature="testEmptyFields()[pri:0, instance:com.ecommerce.tests.LoginSuiteTest@5136d012]" started-at="2026-02-23T10:41:51 IST" name="testEmptyFields" finished-at="2026-02-23T10:41:51 IST" duration-ms="113" status="PASS">
          <reporter-output>
          </reporter-output>
        </test-method> <!-- testEmptyFields -->
        <test-method is-config="true" signature="teardown()[pri:0, instance:com.ecommerce.tests.LoginSuiteTest@5136d012]" started-at="2026-02-23T10:41:51 IST" name="teardown" finished-at="2026-02-23T10:41:51 IST" duration-ms="158" status="PASS">
          <reporter-output>
          </reporter-output>
        </test-method> <!-- teardown -->
        <test-method is-config="true" signature="setup()[pri:0, instance:com.ecommerce.tests.LoginSuiteTest@5136d012]" started-at="2026-02-23T10:41:51 IST" name="setup" finished-at="2026-02-23T10:41:55 IST" duration-ms="4056" status="PASS">
          <reporter-output>
          </reporter-output>
        </test-method> <!-- setup -->
        <test-method signature="testEmptyPassword()[pri:0, instance:com.ecommerce.tests.LoginSuiteTest@5136d012]" started-at="2026-02-23T10:41:55 IST" name="testEmptyPassword" finished-at="2026-02-23T10:41:56 IST" duration-ms="244" status="PASS">
          <reporter-output>
          </reporter-output>
        </test-method> <!-- testEmptyPassword -->
        <test-method is-config="true" signature="teardown()[pri:0, instance:com.ecommerce.tests.LoginSuiteTest@5136d012]" started-at="2026-02-23T10:41:56 IST" name="teardown" finished-at="2026-02-23T10:41:56 IST" duration-ms="155" status="PASS">
          <reporter-output>
          </reporter-output>
        </test-method> <!-- teardown -->
        <test-method is-config="true" signature="setup()[pri:0, instance:com.ecommerce.tests.LoginSuiteTest@5136d012]" started-at="2026-02-23T10:41:56 IST" name="setup" finished-at="2026-02-23T10:42:00 IST" duration-ms="4208" status="PASS">
          <reporter-output>
          </reporter-output>
        </test-method> <!-- setup -->
        <test-method signature="testInvalidEmailFormat()[pri:0, instance:com.ecommerce.tests.LoginSuiteTest@5136d012]" started-at="2026-02-23T10:42:00 IST" name="testInvalidEmailFormat" finished-at="2026-02-23T10:42:00 IST" duration-ms="411" status="PASS">
          <reporter-output>
          </reporter-output>
        </test-method> <!-- testInvalidEmailFormat -->
        <test-method is-config="true" signature="teardown()[pri:0, instance:com.ecommerce.tests.LoginSuiteTest@5136d012]" started-at="2026-02-23T10:42:00 IST" name="teardown" finished-at="2026-02-23T10:42:01 IST" duration-ms="164" status="PASS">
          <reporter-output>
          </reporter-output>
        </test-method> <!-- teardown -->
        <test-method is-config="true" signature="setup()[pri:0, instance:com.ecommerce.tests.LoginSuiteTest@5136d012]" started-at="2026-02-23T10:42:01 IST" name="setup" finished-at="2026-02-23T10:42:04 IST" duration-ms="3824" status="PASS">
          <reporter-output>
          </reporter-output>
        </test-method> <!-- setup -->
        <test-method signature="testInvalidPassword()[pri:0, instance:com.ecommerce.tests.LoginSuiteTest@5136d012]" started-at="2026-02-23T10:42:04 IST" name="testInvalidPassword" finished-at="2026-02-23T10:42:05 IST" duration-ms="470" status="PASS">
          <reporter-output>
          </reporter-output>
        </test-method> <!-- testInvalidPassword -->
        <test-method is-config="true" signature="teardown()[pri:0, instance:com.ecommerce.tests.LoginSuiteTest@5136d012]" started-at="2026-02-23T10:42:05 IST" name="teardown" finished-at="2026-02-23T10:42:05 IST" duration-ms="159" status="PASS">
          <reporter-output>
          </reporter-output>
        </test-method> <!-- teardown -->
        <test-method is-config="true" signature="setup()[pri:0, instance:com.ecommerce.tests.LoginSuiteTest@5136d012]" started-at="2026-02-23T10:42:05 IST" name="setup" finished-at="2026-02-23T10:42:09 IST" duration-ms="4075" status="PASS">
          <reporter-output>
          </reporter-output>
        </test-method> <!-- setup -->
        <test-method signature="testMultipleAttempts()[pri:0, instance:com.ecommerce.tests.LoginSuiteTest@5136d012]" started-at="2026-02-23T10:42:09 IST" name="testMultipleAttempts" finished-at="2026-02-23T10:42:11 IST" duration-ms="1601" status="PASS">
          <reporter-output>
          </reporter-output>
        </test-method> <!-- testMultipleAttempts -->
        <test-method is-config="true" signature="teardown()[pri:0, instance:com.ecommerce.tests.LoginSuiteTest@5136d012]" started-at="2026-02-23T10:42:11 IST" name="teardown" finished-at="2026-02-23T10:42:11 IST" duration-ms="196" status="PASS">
          <reporter-output>
          </reporter-output>
        </test-method> <!-- teardown -->
        <test-method is-config="true" signature="setup()[pri:0, instance:com.ecommerce.tests.LoginSuiteTest@5136d012]" started-at="2026-02-23T10:42:11 IST" name="setup" finished-at="2026-02-23T10:42:15 IST" duration-ms="4345" status="PASS">
          <reporter-output>
          </reporter-output>
        </test-method> <!-- setup -->
        <test-method signature="testPasswordMasked()[pri:0, instance:com.ecommerce.tests.LoginSuiteTest@5136d012]" started-at="2026-02-23T10:42:15 IST" name="testPasswordMasked" finished-at="2026-02-23T10:42:15 IST" duration-ms="55" status="PASS">
          <reporter-output>
          </reporter-output>
        </test-method> <!-- testPasswordMasked -->
        <test-method is-config="true" signature="teardown()[pri:0, instance:com.ecommerce.tests.LoginSuiteTest@5136d012]" started-at="2026-02-23T10:42:15 IST" name="teardown" finished-at="2026-02-23T10:42:16 IST" duration-ms="146" status="PASS">
          <reporter-output>
          </reporter-output>
        </test-method> <!-- teardown -->
        <test-method is-config="true" signature="setup()[pri:0, instance:com.ecommerce.tests.LoginSuiteTest@5136d012]" started-at="2026-02-23T10:42:16 IST" name="setup" finished-at="2026-02-23T10:42:20 IST" duration-ms="4304" status="PASS">
          <reporter-output>
          </reporter-output>
        </test-method> <!-- setup -->
        <test-method signature="testSessionPersistence()[pri:0, instance:com.ecommerce.tests.LoginSuiteTest@5136d012]" started-at="2026-02-23T10:42:20 IST" name="testSessionPersistence" finished-at="2026-02-23T10:42:21 IST" duration-ms="661" status="PASS">
          <reporter-output>
          </reporter-output>
        </test-method> <!-- testSessionPersistence -->
        <test-method is-config="true" signature="teardown()[pri:0, instance:com.ecommerce.tests.LoginSuiteTest@5136d012]" started-at="2026-02-23T10:42:21 IST" name="teardown" finished-at="2026-02-23T10:42:21 IST" duration-ms="156" status="PASS">
          <reporter-output>
          </reporter-output>
        </test-method> <!-- teardown -->
        <test-method is-config="true" signature="setup()[pri:0, instance:com.ecommerce.tests.LoginSuiteTest@5136d012]" started-at="2026-02-23T10:42:21 IST" name="setup" finished-at="2026-02-23T10:42:25 IST" duration-ms="4205" status="PASS">
          <reporter-output>
          </reporter-output>
        </test-method> <!-- setup -->
        <test-method signature="testSqlInjection()[pri:0, instance:com.ecommerce.tests.LoginSuiteTest@5136d012]" started-at="2026-02-23T10:42:25 IST" name="testSqlInjection" finished-at="2026-02-23T10:42:25 IST" duration-ms="319" status="PASS">
          <reporter-output>
          </reporter-output>
        </test-method> <!-- testSqlInjection -->
        <test-method is-config="true" signature="teardown()[pri:0, instance:com.ecommerce.tests.LoginSuiteTest@5136d012]" started-at="2026-02-23T10:42:25 IST" name="teardown" finished-at="2026-02-23T10:42:25 IST" duration-ms="199" status="PASS">
          <reporter-output>
          </reporter-output>
        </test-method> <!-- teardown -->
        <test-method is-config="true" signature="setup()[pri:0, instance:com.ecommerce.tests.LoginSuiteTest@5136d012]" started-at="2026-02-23T10:42:25 IST" name="setup" finished-at="2026-02-23T10:42:30 IST" duration-ms="4333" status="PASS">
          <reporter-output>
          </reporter-output>
        </test-method> <!-- setup -->
        <test-method signature="testUnregisteredEmail()[pri:0, instance:com.ecommerce.tests.LoginSuiteTest@5136d012]" started-at="2026-02-23T10:42:30 IST" name="testUnregisteredEmail" finished-at="2026-02-23T10:42:30 IST" duration-ms="423" status="PASS">
          <reporter-output>
          </reporter-output>
        </test-method> <!-- testUnregisteredEmail -->
        <test-method is-config="true" signature="teardown()[pri:0, instance:com.ecommerce.tests.LoginSuiteTest@5136d012]" started-at="2026-02-23T10:42:30 IST" name="teardown" finished-at="2026-02-23T10:42:30 IST" duration-ms="151" status="PASS">
          <reporter-output>
          </reporter-output>
        </test-method> <!-- teardown -->
        <test-method is-config="true" signature="setup()[pri:0, instance:com.ecommerce.tests.LoginSuiteTest@5136d012]" started-at="2026-02-23T10:42:30 IST" name="setup" finished-at="2026-02-23T10:42:35 IST" duration-ms="4295" status="PASS">
          <reporter-output>
          </reporter-output>
        </test-method> <!-- setup -->
        <test-method signature="testValidLogin()[pri:0, instance:com.ecommerce.tests.LoginSuiteTest@5136d012]" started-at="2026-02-23T10:42:35 IST" name="testValidLogin" finished-at="2026-02-23T10:42:35 IST" duration-ms="544" status="PASS">
          <reporter-output>
          </reporter-output>
        </test-method> <!-- testValidLogin -->
        <test-method is-config="true" signature="teardown()[pri:0, instance:com.ecommerce.tests.LoginSuiteTest@5136d012]" started-at="2026-02-23T10:42:35 IST" name="teardown" finished-at="2026-02-23T10:42:35 IST" duration-ms="156" status="PASS">
          <reporter-output>
          </reporter-output>
        </test-method> <!-- teardown -->
      </class> <!-- com.ecommerce.tests.LoginSuiteTest -->
    </test> <!-- Surefire test -->
  </suite> <!-- Surefire suite -->
</testng-results>
