<?xml version="1.0" encoding="UTF-8"?>
<!-- Generated by org.testng.reporters.JUnitReportReporter -->
<testsuite hostname="IBM-1R1R8F4" failures="0" tests="12" name="com.ecommerce.tests.LoginSuiteTest" time="64.240" errors="0" timestamp="2026-02-23T16:45:18 IST" skipped="0">
  <testcase classname="com.ecommerce.tests.LoginSuiteTest" name="testUnregisteredEmail" time="5.357"/>
  <testcase classname="com.ecommerce.tests.LoginSuiteTest" name="testSqlInjection" time="5.636"/>
  <testcase classname="com.ecommerce.tests.LoginSuiteTest" name="testEmptyPassword" time="5.021"/>
  <testcase classname="com.ecommerce.tests.LoginSuiteTest" name="testEmptyFields" time="5.490"/>
  <testcase classname="com.ecommerce.tests.LoginSuiteTest" name="testValidLogin" time="5.305"/>
  <testcase classname="com.ecommerce.tests.LoginSuiteTest" name="testInvalidPassword" time="5.631"/>
  <testcase classname="com.ecommerce.tests.LoginSuiteTest" name="testSessionPersistence" time="5.200"/>
  <testcase classname="com.ecommerce.tests.LoginSuiteTest" name="testCaseSensitivity" time="5.515"/>
  <testcase classname="com.ecommerce.tests.LoginSuiteTest" name="testPasswordMasked" time="5.035"/>
  <testcase classname="com.ecommerce.tests.LoginSuiteTest" name="testEmptyEmail" time="4.208"/>
  <testcase classname="com.ecommerce.tests.LoginSuiteTest" name="testInvalidEmailFormat" time="5.410"/>
  <testcase classname="com.ecommerce.tests.LoginSuiteTest" name="testMultipleAttempts" time="6.432"/>
</testsuite> <!-- com.ecommerce.tests.LoginSuiteTest -->
