<?xml version="1.0" encoding="UTF-8"?>
<!-- Generated by org.testng.reporters.JUnitReportReporter -->
<testsuite hostname="IBM-1R1R8F4" failures="0" tests="15" name="com.ecommerce.tests.OrderHistoryTest" time="66.045" errors="0" timestamp="2026-02-23T19:09:13 IST" skipped="0">
  <testcase classname="com.ecommerce.tests.OrderHistoryTest" name="testEachOrderHasStatus" time="3.980"/>
  <testcase classname="com.ecommerce.tests.OrderHistoryTest" name="testProductNamesDisplayed" time="4.177"/>
  <testcase classname="com.ecommerce.tests.OrderHistoryTest" name="testOrderStatusDisplayed" time="4.647"/>
  <testcase classname="com.ecommerce.tests.OrderHistoryTest" name="testOrderCountConsistency" time="5.210"/>
  <testcase classname="com.ecommerce.tests.OrderHistoryTest" name="testPriceFormat" time="4.374"/>
  <testcase classname="com.ecommerce.tests.OrderHistoryTest" name="testScrollOrders" time="4.087"/>
  <testcase classname="com.ecommerce.tests.OrderHistoryTest" name="testCompletedStatus" time="4.252"/>
  <testcase classname="com.ecommerce.tests.OrderHistoryTest" name="testEachOrderHasProduct" time="4.428"/>
  <testcase classname="com.ecommerce.tests.OrderHistoryTest" name="testMultipleOrders" time="4.464"/>
  <testcase classname="com.ecommerce.tests.OrderHistoryTest" name="testOrdersDisplayed" time="4.232"/>
  <testcase classname="com.ecommerce.tests.OrderHistoryTest" name="testPageStable" time="4.273"/>
  <testcase classname="com.ecommerce.tests.OrderHistoryTest" name="testPendingStatus" time="4.567"/>
  <testcase classname="com.ecommerce.tests.OrderHistoryTest" name="testTotalPriceDisplayed" time="4.587"/>
  <testcase classname="com.ecommerce.tests.OrderHistoryTest" name="testNoEmptyFields" time="4.370"/>
  <testcase classname="com.ecommerce.tests.OrderHistoryTest" name="testEachOrderHasPrice" time="4.397"/>
</testsuite> <!-- com.ecommerce.tests.OrderHistoryTest -->
