<?xml version="1.0" encoding="UTF-8"?>
<!-- Generated by org.testng.reporters.JUnitReportReporter -->
<testsuite hostname="IBM-1R1R8F4" failures="0" tests="14" name="com.ecommerce.tests.PurchaseFlowSuiteTest" time="55.980" errors="0" timestamp="2026-02-23T18:24:23 IST" skipped="0">
  <testcase classname="com.ecommerce.tests.PurchaseFlowSuiteTest" name="testNavbarVisible" time="3.904"/>
  <testcase classname="com.ecommerce.tests.PurchaseFlowSuiteTest" name="testHomePageLoads" time="3.676"/>
  <testcase classname="com.ecommerce.tests.PurchaseFlowSuiteTest" name="testProductsPageAccessibleAfterLogin" time="4.656"/>
  <testcase classname="com.ecommerce.tests.PurchaseFlowSuiteTest" name="testSearchProduct" time="4.261"/>
  <testcase classname="com.ecommerce.tests.PurchaseFlowSuiteTest" name="testCheckoutProtectedRoute" time="3.941"/>
  <testcase classname="com.ecommerce.tests.PurchaseFlowSuiteTest" name="testSearchFieldPresent" time="3.834"/>
  <testcase classname="com.ecommerce.tests.PurchaseFlowSuiteTest" name="testLoginFieldsVisible" time="4.270"/>
  <testcase classname="com.ecommerce.tests.PurchaseFlowSuiteTest" name="testProductsSectionVisibleAfterLogin" time="4.242"/>
  <testcase classname="com.ecommerce.tests.PurchaseFlowSuiteTest" name="testCheckoutRequiresLogin" time="3.982"/>
  <testcase classname="com.ecommerce.tests.PurchaseFlowSuiteTest" name="testNoBrokenHomeRoute" time="3.822"/>
  <testcase classname="com.ecommerce.tests.PurchaseFlowSuiteTest" name="testLoginPageLoads" time="4.210"/>
  <testcase classname="com.ecommerce.tests.PurchaseFlowSuiteTest" name="testPageTitleNotEmpty" time="3.824"/>
  <testcase classname="com.ecommerce.tests.PurchaseFlowSuiteTest" name="testLoginLinkVisible" time="3.444"/>
  <testcase classname="com.ecommerce.tests.PurchaseFlowSuiteTest" name="testNavigateToLoginPage" time="3.914"/>
</testsuite> <!-- com.ecommerce.tests.PurchaseFlowSuiteTest -->
