<?xml version="1.0" encoding="UTF-8"?>
<!-- Generated by org.testng.reporters.JUnitReportReporter -->
<testsuite hostname="IBM-1R1R8F4" failures="0" tests="8" name="com.ecommerce.tests.ProductSearchSuiteTest" time="36.482" errors="0" timestamp="2026-02-23T18:24:23 IST" skipped="0">
  <testcase classname="com.ecommerce.tests.ProductSearchSuiteTest" name="testNoResultsFound" time="6.123"/>
  <testcase classname="com.ecommerce.tests.ProductSearchSuiteTest" name="testSearchNoResults" time="4.225"/>
  <testcase classname="com.ecommerce.tests.ProductSearchSuiteTest" name="testCaseInsensitiveSearch" time="3.950"/>
  <testcase classname="com.ecommerce.tests.ProductSearchSuiteTest" name="testFilterByPriceRange" time="6.054"/>
  <testcase classname="com.ecommerce.tests.ProductSearchSuiteTest" name="testMinPriceFilter" time="3.820"/>
  <testcase classname="com.ecommerce.tests.ProductSearchSuiteTest" name="testMaxPriceFilter" time="4.211"/>
  <testcase classname="com.ecommerce.tests.ProductSearchSuiteTest" name="testSearchByKeyword" time="4.193"/>
  <testcase classname="com.ecommerce.tests.ProductSearchSuiteTest" name="testFilterByCategory" time="3.906"/>
</testsuite> <!-- com.ecommerce.tests.ProductSearchSuiteTest -->
