<?xml version="1.0" encoding="UTF-8"?>
<!-- Generated by org.testng.reporters.JUnitReportReporter -->
<testsuite hostname="IBM-1R1R8F4" failures="0" tests="7" name="com.ecommerce.tests.ShoppingCartTest" time="29.759" errors="0" timestamp="2026-02-23T10:46:17 IST" skipped="0">
  <testcase classname="com.ecommerce.tests.ShoppingCartTest" name="testAddSingleItem" time="3.955"/>
  <testcase classname="com.ecommerce.tests.ShoppingCartTest" name="testInvalidQuantity" time="4.350"/>
  <testcase classname="com.ecommerce.tests.ShoppingCartTest" name="testEmptyCart" time="4.050"/>
  <testcase classname="com.ecommerce.tests.ShoppingCartTest" name="testAddMultipleItems" time="4.209"/>
  <testcase classname="com.ecommerce.tests.ShoppingCartTest" name="testCartSyncBackend" time="4.527"/>
  <testcase classname="com.ecommerce.tests.ShoppingCartTest" name="testUpdateQuantity" time="4.540"/>
  <testcase classname="com.ecommerce.tests.ShoppingCartTest" name="testAddSameItemTwice" time="4.128"/>
</testsuite> <!-- com.ecommerce.tests.ShoppingCartTest -->
