<?xml version="1.0" encoding="UTF-8"?>
<!-- Generated by org.testng.reporters.JUnitReportReporter -->
<testsuite hostname="IBM-1R1R8F4" failures="0" tests="7" name="com.ecommerce.tests.ShoppingCartTest" time="28.371" errors="0" timestamp="2026-02-23T18:24:23 IST" skipped="0">
  <testcase classname="com.ecommerce.tests.ShoppingCartTest" name="testEmptyCart" time="3.847"/>
  <testcase classname="com.ecommerce.tests.ShoppingCartTest" name="testUpdateQuantity" time="4.284"/>
  <testcase classname="com.ecommerce.tests.ShoppingCartTest" name="testCartSyncBackend" time="3.684"/>
  <testcase classname="com.ecommerce.tests.ShoppingCartTest" name="testAddSingleItem" time="4.023"/>
  <testcase classname="com.ecommerce.tests.ShoppingCartTest" name="testAddSameItemTwice" time="4.082"/>
  <testcase classname="com.ecommerce.tests.ShoppingCartTest" name="testAddMultipleItems" time="4.156"/>
  <testcase classname="com.ecommerce.tests.ShoppingCartTest" name="testInvalidQuantity" time="4.295"/>
</testsuite> <!-- com.ecommerce.tests.ShoppingCartTest -->
