<?xml version="1.0" encoding="UTF-8"?>
<!-- Generated by org.testng.reporters.JUnitReportReporter -->
<testsuite hostname="IBM-1R1R8F4" failures="0" tests="14" name="com.ecommerce.tests.PurchaseFlowSuiteTest" time="55.883" errors="0" timestamp="2026-02-23T16:45:18 IST" skipped="0">
  <testcase classname="com.ecommerce.tests.PurchaseFlowSuiteTest" name="testPageTitleNotEmpty" time="4.010"/>
  <testcase classname="com.ecommerce.tests.PurchaseFlowSuiteTest" name="testNavbarVisible" time="4.207"/>
  <testcase classname="com.ecommerce.tests.PurchaseFlowSuiteTest" name="testProductsSectionVisibleAfterLogin" time="4.451"/>
  <testcase classname="com.ecommerce.tests.PurchaseFlowSuiteTest" name="testHomePageLoads" time="3.550"/>
  <testcase classname="com.ecommerce.tests.PurchaseFlowSuiteTest" name="testSearchProduct" time="3.874"/>
  <testcase classname="com.ecommerce.tests.PurchaseFlowSuiteTest" name="testCheckoutProtectedRoute" time="3.792"/>
  <testcase classname="com.ecommerce.tests.PurchaseFlowSuiteTest" name="testLoginLinkVisible" time="3.794"/>
  <testcase classname="com.ecommerce.tests.PurchaseFlowSuiteTest" name="testNoBrokenHomeRoute" time="3.842"/>
  <testcase classname="com.ecommerce.tests.PurchaseFlowSuiteTest" name="testProductsPageAccessibleAfterLogin" time="5.078"/>
  <testcase classname="com.ecommerce.tests.PurchaseFlowSuiteTest" name="testCheckoutRequiresLogin" time="3.595"/>
  <testcase classname="com.ecommerce.tests.PurchaseFlowSuiteTest" name="testNavigateToLoginPage" time="4.066"/>
  <testcase classname="com.ecommerce.tests.PurchaseFlowSuiteTest" name="testLoginPageLoads" time="3.785"/>
  <testcase classname="com.ecommerce.tests.PurchaseFlowSuiteTest" name="testLoginFieldsVisible" time="3.893"/>
  <testcase classname="com.ecommerce.tests.PurchaseFlowSuiteTest" name="testSearchFieldPresent" time="3.946"/>
</testsuite> <!-- com.ecommerce.tests.PurchaseFlowSuiteTest -->
