<?xml version="1.0" encoding="UTF-8"?>
<!-- Generated by org.testng.reporters.JUnitReportReporter -->
<testsuite hostname="IBM-1R1R8F4" failures="0" tests="15" name="com.ecommerce.tests.OrderHistoryTest" time="76.657" errors="0" timestamp="2026-02-23T16:45:18 IST" skipped="0">
  <testcase classname="com.ecommerce.tests.OrderHistoryTest" name="testEachOrderHasStatus" time="4.210"/>
  <testcase classname="com.ecommerce.tests.OrderHistoryTest" name="testProductNamesDisplayed" time="4.481"/>
  <testcase classname="com.ecommerce.tests.OrderHistoryTest" name="testMultipleOrders" time="5.130"/>
  <testcase classname="com.ecommerce.tests.OrderHistoryTest" name="testOrderCountConsistency" time="4.770"/>
  <testcase classname="com.ecommerce.tests.OrderHistoryTest" name="testPendingStatus" time="4.502"/>
  <testcase classname="com.ecommerce.tests.OrderHistoryTest" name="testScrollOrders" time="5.675"/>
  <testcase classname="com.ecommerce.tests.OrderHistoryTest" name="testEachOrderHasProduct" time="5.032"/>
  <testcase classname="com.ecommerce.tests.OrderHistoryTest" name="testEachOrderHasPrice" time="5.628"/>
  <testcase classname="com.ecommerce.tests.OrderHistoryTest" name="testCompletedStatus" time="4.906"/>
  <testcase classname="com.ecommerce.tests.OrderHistoryTest" name="testOrdersDisplayed" time="5.463"/>
  <testcase classname="com.ecommerce.tests.OrderHistoryTest" name="testPriceFormat" time="5.517"/>
  <testcase classname="com.ecommerce.tests.OrderHistoryTest" name="testNoEmptyFields" time="5.109"/>
  <testcase classname="com.ecommerce.tests.OrderHistoryTest" name="testPageStable" time="5.502"/>
  <testcase classname="com.ecommerce.tests.OrderHistoryTest" name="testOrderStatusDisplayed" time="5.172"/>
  <testcase classname="com.ecommerce.tests.OrderHistoryTest" name="testTotalPriceDisplayed" time="5.560"/>
</testsuite> <!-- com.ecommerce.tests.OrderHistoryTest -->
