<?xml version="1.0" encoding="UTF-8"?>
<!-- Generated by org.testng.reporters.JUnitReportReporter -->
<testsuite hostname="IBM-1R1R8F4" failures="0" tests="12" name="com.ecommerce.tests.LoginSuiteTest" time="57.479" errors="0" timestamp="2026-02-23T18:24:23 IST" skipped="0">
  <testcase classname="com.ecommerce.tests.LoginSuiteTest" name="testSessionPersistence" time="4.866"/>
  <testcase classname="com.ecommerce.tests.LoginSuiteTest" name="testInvalidPassword" time="4.519"/>
  <testcase classname="com.ecommerce.tests.LoginSuiteTest" name="testMultipleAttempts" time="5.892"/>
  <testcase classname="com.ecommerce.tests.LoginSuiteTest" name="testUnregisteredEmail" time="4.546"/>
  <testcase classname="com.ecommerce.tests.LoginSuiteTest" name="testEmptyFields" time="4.789"/>
  <testcase classname="com.ecommerce.tests.LoginSuiteTest" name="testEmptyPassword" time="4.675"/>
  <testcase classname="com.ecommerce.tests.LoginSuiteTest" name="testCaseSensitivity" time="4.703"/>
  <testcase classname="com.ecommerce.tests.LoginSuiteTest" name="testPasswordMasked" time="3.903"/>
  <testcase classname="com.ecommerce.tests.LoginSuiteTest" name="testValidLogin" time="4.575"/>
  <testcase classname="com.ecommerce.tests.LoginSuiteTest" name="testSqlInjection" time="4.624"/>
  <testcase classname="com.ecommerce.tests.LoginSuiteTest" name="testEmptyEmail" time="5.999"/>
  <testcase classname="com.ecommerce.tests.LoginSuiteTest" name="testInvalidEmailFormat" time="4.388"/>
</testsuite> <!-- com.ecommerce.tests.LoginSuiteTest -->
