<?xml version="1.0" encoding="UTF-8"?>
<!-- Generated by org.testng.reporters.JUnitReportReporter -->
<testsuite hostname="IBM-1R1R8F4" failures="0" tests="8" name="com.ecommerce.tests.ProductSearchSuiteTest" time="38.284" errors="0" timestamp="2026-02-23T10:46:17 IST" skipped="0">
  <testcase classname="com.ecommerce.tests.ProductSearchSuiteTest" name="testFilterByCategory" time="3.961"/>
  <testcase classname="com.ecommerce.tests.ProductSearchSuiteTest" name="testFilterByPriceRange" time="6.225"/>
  <testcase classname="com.ecommerce.tests.ProductSearchSuiteTest" name="testMinPriceFilter" time="4.374"/>
  <testcase classname="com.ecommerce.tests.ProductSearchSuiteTest" name="testNoResultsFound" time="6.434"/>
  <testcase classname="com.ecommerce.tests.ProductSearchSuiteTest" name="testCaseInsensitiveSearch" time="4.362"/>
  <testcase classname="com.ecommerce.tests.ProductSearchSuiteTest" name="testMaxPriceFilter" time="4.065"/>
  <testcase classname="com.ecommerce.tests.ProductSearchSuiteTest" name="testSearchByKeyword" time="4.242"/>
  <testcase classname="com.ecommerce.tests.ProductSearchSuiteTest" name="testSearchNoResults" time="4.621"/>
</testsuite> <!-- com.ecommerce.tests.ProductSearchSuiteTest -->
