<?xml version="1.0" encoding="UTF-8"?>
<!-- Generated by org.testng.reporters.JUnitReportReporter -->
<testsuite hostname="IBM-1R1R8F4" failures="0" tests="4" name="com.ecommerce.tests.LoginTest" time="23.461" errors="0" timestamp="2026-02-23T10:46:17 IST" skipped="0">
  <testcase classname="com.ecommerce.tests.LoginTest" name="openWebsite" time="5.694"/>
  <testcase classname="com.ecommerce.tests.LoginTest" name="testValidLogin1" time="8.263"/>
  <testcase classname="com.ecommerce.tests.LoginTest" name="testInvalidLogin" time="4.624"/>
  <testcase classname="com.ecommerce.tests.LoginTest" name="testValidLogin" time="4.880"/>
</testsuite> <!-- com.ecommerce.tests.LoginTest -->
